27 [46945530039680] TRACE perfrun.launcher <> - ENTER: int main(int, char **)
31 [46945530039680] TRACE perfrun.launcher <> - ENTER: Start the collection
31 [46945530039680] INFO perfrun.launcher <> - argc = 7; cmdline = /mnt/storage/software/languages/intel/intel-parallel_studio_xe_2018_u3/advisor_2018.3.0.558307/bin64/advixe-runss --ui-output-format xml --ui-output-fd 7 --option-file /user/home/kp19251/advanced-hpc-lbm/e000/hs000/config/runss.options 
31 [46945530039680] TRACE perfrun.launcher <> - ENTER: Initialize the launcher
35 [46945530039680] TRACE perfrun.launcher <> - ENTER: void runtool::CmdLineParser::declareOptions()
46 [46945530039680] TRACE perfrun.launcher <> - EXIT:  void runtool::CmdLineParser::declareOptions()
46 [46945530039680] TRACE perfrun.system <> - ENTER: static runtool::system::IController *runtool::system::IController::create()
46 [46945530039680] TRACE perfrun.system <> - ENTER: runtool::system::Controller::Controller()
46 [46945530039680] TRACE perfrun.system <> - EXIT:  runtool::system::Controller::Controller()
46 [46945530039680] TRACE perfrun.system <> - EXIT:  static runtool::system::IController *runtool::system::IController::create()
46 [46945530039680] INFO perfrun.launcher <> - plugin system has been added successfully
46 [46945530039680] INFO perfrun.launcher <> - plugin  has been added successfully
46 [46945530039680] INFO perfrun.launcher <> - plugin  has been added successfully
46 [46945530039680] INFO perfrun.launcher <> - plugin  has been added successfully
46 [46945530039680] INFO perfrun.launcher <> - plugin  has been added successfully
46 [46945530039680] INFO perfrun.launcher <> - plugin  has been added successfully
46 [46945530039680] INFO perfrun.launcher <> - plugin  has been added successfully
46 [46945530039680] INFO perfrun.launcher <> - plugin mrte has been added successfully
46 [46945530039680] INFO perfrun.launcher <> - plugin  has been added successfully
46 [46945530039680] INFO perfrun.launcher <> - plugin  has been added successfully
52 [46945530039680] INFO perfrun.launcher <> - plugin  has been added successfully
52 [46945530039680] INFO perfrun.launcher <> - plugin  has been added successfully
52 [46945530039680] INFO perfrun.launcher <> - plugin  has been added successfully
52 [46945530039680] TRACE perfrun.tpss <> - ENTER: static runtool::sdk::IController *runtool::tpss::IController::create()
52 [46945530039680] TRACE perfrun.tpss <> - ENTER: create tpss controller
52 [46945530039680] TRACE perfrun.tpss <> - EXIT:  create tpss controller
52 [46945530039680] TRACE perfrun.tpss <> - EXIT:  static runtool::sdk::IController *runtool::tpss::IController::create()
52 [46945530039680] INFO perfrun.launcher <> - plugin tpss has been added successfully
52 [46945530039680] INFO perfrun.launcher <> - plugin  has been added successfully
52 [46945530039680] INFO perfrun.launcher <> - plugin  has been added successfully
52 [46945530039680] INFO perfrun.launcher <> - plugin  has been added successfully
52 [46945530039680] INFO perfrun.launcher <> - plugin  has been added successfully
52 [46945530039680] INFO perfrun.launcher <> - plugin  has been added successfully
52 [46945530039680] INFO perfrun.launcher <> - plugin  has been added successfully
53 [46945530039680] INFO perfrun.launcher <> - the option was added --interval: Specify an interval of data collection (for example, sampling) in milliseconds.
53 [46945530039680] INFO perfrun.launcher <> - the option was added --follow-child: Profile process with or without children.
53 [46945530039680] INFO perfrun.launcher <> - the option was added --gelding: BADMSG: perfrun1.launcher.plugin_manager::gelding
53 [46945530039680] INFO perfrun.launcher <> - the option was added --time-source: Specify time source for measurement. Possible values: sys - wall clock time; tsc - time stamp counter; ext - time from an external source; auto - auto select accurate time source.
53 [46945530039680] INFO perfrun.launcher <> - the option was added --stack: Enable or disable collection of stacks.
57 [46945530039680] INFO perfrun.launcher <> - the option was added --stack-stitching: Enable or disable the stack stitching algorithm for Intel TBB-based applications.
57 [46945530039680] INFO perfrun.launcher <> - the option was added --type: Specify type of data to be collected. For example, --type cpu:counters,waiting:nostack,io.
57 [46945530039680] INFO perfrun.launcher <> - the option was added --mrte-mode: Specify Java/.NET/other managed runtime collection mode. Possible values: native - collect information only for native code; managed - collect information only for managed code; mixed - collect information for both managed and native code; auto - choose the mode based on binary type.
57 [46945530039680] INFO perfrun.launcher <> - the option was added --mrte-mode-list: List supported Java/.NET/other managed runtime collection modes.
58 [46945530039680] INFO perfrun.launcher <> - the option was added --mrte-type: Specify which managed runtimes to collect. Possible values: java - collect information for Java; dotnet - collect information for .NET; python - collect information for CPython. You can specify several values separated by comma.
58 [46945530039680] INFO perfrun.launcher <> - the option was added --mrte-type-list: List supported Java/.NET/other managed runtime types.
58 [46945530039680] INFO perfrun.launcher <> - the option was added --trace-strategy: Specify how to profile a process tree. <string> can be "<process>:trace:notrace" - profile the process but do not profile its children. Shorthand parameters: t - trace, nt - notrace. For example, "vtunedemo.exe:t:t".
58 [46945530039680] INFO perfrun.launcher <> - the option was added --collector: BADMSG: perfrun1.launcher.plugin_manager::collector
58 [46945530039680] INFO perfrun.launcher <> - the option was added --system-wide: Enable system-wide profiling. This mode may require additional permissions.
58 [46945530039680] INFO perfrun.launcher <> - the option was added --kvm-guest: Enable KVM guest OS profiling.
58 [46945530039680] INFO perfrun.launcher <> - the option was added --kvm-guest-kallsyms: Specify a local path to the /proc/kallsyms file copied from the guest OS for proper symbol resolution.
58 [46945530039680] INFO perfrun.launcher <> - the option was added --kvm-guest-modules: Specify a local path to the /proc/modules file copied from the guest OS for proper symbol resolution.
58 [46945530039680] INFO perfrun.launcher <> - the option was added --target-system: BADMSG: perfrun1.launcher.plugin_manager::target-system
59 [46945530039680] INFO perfrun.launcher <> - the option was added --dump-vdso: Dump [vdso] to result directory
59 [46945530039680] INFO perfrun.launcher <> - the option was added --bandwidth-limits: Measure bandwidth limits
59 [46945530039680] INFO perfrun.launcher <> - the option was added --bandwidth-strategy: Bandwidth limits determination specific properties (example: --bandwidth-strategy array-size=0,duration=500).
59 [46945530039680] INFO perfrun.launcher <> - the option was added --bandwidth-config: List of benchmarks to run.
59 [46945530039680] INFO perfrun.launcher <> - the option was added --benchmark-sync: Run synchronized bandwidth measurement.
59 [46945530039680] INFO perfrun.launcher <> - the option was added --system-collector-config: Specify subcollectors. Possible values: all, vdso, container, device-info, none.
59 [46945530039680] INFO perfrun.launcher <> - the option was added --stackwalk: Specify stack unwinding method. Possible values: online - unwind stacks during collection; offline - unwind stacks after collection is finished.
59 [46945530039680] INFO perfrun.launcher <> - the option was added --filter-include: Filter data during collection. Possible values: contended=<on|off> - filter out uncontended events; contended_nostack=<time> - filter out stacks for contended events that take less than <time> microseconds; wait=<time> - ignore transitions and blocks with wait time less than <time> microseconds; wait_nostack=<time> - filter out stacks for waits that take less than <time> microseconds.
59 [46945530039680] INFO perfrun.launcher <> - the option was added --debug-pin: Debug PIN tool and runtime.
59 [46945530039680] INFO perfrun.launcher <> - the option was added --debug-exception: Disallow the application to set own abnormal termination handler.
59 [46945530039680] INFO perfrun.launcher <> - the option was added --trace-type: Specify the trace file granularity. Possible values: per-thread - per-thread trace file generation; per-process - per-process trace file generation.
60 [46945530039680] INFO perfrun.launcher <> - the option was added --instrumentation-type: Specify type of instrumentation.
60 [46945530039680] INFO perfrun.launcher <> - the option was added --altstack: Enable or disable usage of altstacks for profiling signal handlers.
60 [46945530039680] INFO perfrun.launcher <> - the option was added --profiling-signal: Alternate profiling signal.
60 [46945530039680] INFO perfrun.launcher <> - the option was added --memory-strategy: Specify a minimal memory object size to be traced and a hash table size for faster objects search; for example: --memory-strategy obj-size-min=1024,hash-table-size=4096.
60 [46945530039680] TRACE perfrun.launcher <> - Update configuration: tmp directory = /tmp/advixe-tmp-kp19251
60 [46945530039680] TRACE perfrun.launcher <> - EXIT:  Initialize the launcher
61 [46945530039680] TRACE perfrun.launcher <> - ENTER: void runtool::CmdLineParser::parseOptionFile(const std::basic_string<char, std::char_traits<char>, std::allocator<char>> &)
64 [46945530039680] TRACE perfrun.launcher <> - EXIT:  void runtool::CmdLineParser::parseOptionFile(const std::basic_string<char, std::char_traits<char>, std::allocator<char>> &)
64 [46945530039680] INFO perfrun.launcher <> - create msngr2::ICliToolContext
64 [46945530039680] TRACE perfrun.launcher <> - ENTER: void runtool::CmdLineParser::validateParseResult() const
64 [46945530039680] TRACE perfrun.launcher <> - EXIT:  void runtool::CmdLineParser::validateParseResult() const
64 [46945530039680] TRACE perfrun.launcher <> - ENTER: void runtool::CmdLineParser::populate(runtool::IConfiguration *) const
64 [46945530039680] TRACE perfrun.launcher <> - Update configuration: action = start
64 [46945530039680] TRACE perfrun.launcher <> - Update configuration: collection type = launcher
64 [46945530039680] TRACE perfrun.launcher <> - Update configuration: quiet mode is enabled
64 [46945530039680] TRACE perfrun.launcher <> - Update configuration: compression level = 2
64 [46945530039680] TRACE perfrun.launcher <> - Update configuration: duration = 0 sec
64 [46945530039680] TRACE perfrun.launcher <> - Update configuration: data limit = 524288000 bytes
64 [46945530039680] TRACE perfrun.launcher <> - Update configuration: disc space limit = 0 bytes
64 [46945530039680] TRACE perfrun.launcher <> - Update configuration: return-app-exitcode = false
64 [46945530039680] TRACE perfrun.launcher <> - Update configuration: result directory = /user/home/kp19251/advanced-hpc-lbm/e000/hs000
64 [46945530039680] TRACE perfrun.launcher <> - Update configuration: application = ./d2q9-bgk
64 [46945530039680] TRACE perfrun.launcher <> - Update configuration: application argument = input_128x128.params
64 [46945530039680] TRACE perfrun.launcher <> - Update configuration: application argument = obstacles_128x128.dat
64 [46945530039680] TRACE perfrun.launcher <> - [IN] option = interval; value = 10 !u32_t
64 [46945530039680] TRACE perfrun.launcher <> - [IN] option = follow-child; value = true !bool
64 [46945530039680] TRACE perfrun.launcher <> - [IN] option = gelding; value = false !bool
64 [46945530039680] TRACE perfrun.launcher <> - [IN] option = time-source; value = auto !ustring
64 [46945530039680] TRACE perfrun.launcher <> - [IN] option = stack; value = true !bool
64 [46945530039680] TRACE perfrun.launcher <> - [IN] option = stack-stitching; value = true !bool
64 [46945530039680] TRACE perfrun.launcher <> - [IN] option = type; value = cpu:stack !ustring
64 [46945530039680] TRACE perfrun.launcher <> - [IN] option = mrte-mode; value = auto !ustring
64 [46945530039680] TRACE perfrun.launcher <> - [IN] option = mrte-type; value = java !ustring
64 [46945530039680] TRACE perfrun.launcher <> - [IN] option = mrte-type; value = python !ustring
64 [46945530039680] TRACE perfrun.launcher <> - [IN] option = trace-strategy; value = ld-linux.so.2:notrace:notrace !ustring
64 [46945530039680] TRACE perfrun.launcher <> - [IN] option = trace-strategy; value = ld-linux-x86-64.so.2:notrace:notrace !ustring
64 [46945530039680] TRACE perfrun.launcher <> - [IN] option = collector; value = sep !ustring
64 [46945530039680] TRACE perfrun.launcher <> - [IN] option = system-wide; value = false !bool
64 [46945530039680] TRACE perfrun.launcher <> - [IN] option = kvm-guest; value = false !bool
65 [46945530039680] TRACE perfrun.launcher <> - [IN] option = bandwidth-limits; value = false !bool
65 [46945530039680] TRACE perfrun.launcher <> - [IN] option = benchmark-sync; value = false !bool
65 [46945530039680] TRACE perfrun.launcher <> - [IN] option = system-collector-config; value = all !ustring
65 [46945530039680] TRACE perfrun.launcher <> - [IN] option = stackwalk; value = offline !ustring
65 [46945530039680] TRACE perfrun.launcher <> - [IN] option = trace-type; value = per-thread !ustring
65 [46945530039680] TRACE perfrun.launcher <> - [IN] option = instrumentation-type; value = pin !ustring
65 [46945530039680] TRACE perfrun.launcher <> - [IN] option = altstack; value = true !bool
65 [46945530039680] TRACE perfrun.launcher <> - EXIT:  void runtool::CmdLineParser::populate(runtool::IConfiguration *) const
65 [46945646548736] TRACE perfrun.tpss <> - ENTER: void runtool::tpss::Controller::setMessageChannel(runtool::sdk::IMessageChannel *)
65 [46945646548736] TRACE perfrun.tpss <> - EXIT:  void runtool::tpss::Controller::setMessageChannel(runtool::sdk::IMessageChannel *)
65 [46945530039680] INFO perfrun.launcher <> - create file finder object
65 [46945646548736] TRACE perfrun.tpss <> - ENTER: void runtool::tpss::Controller::setRequestHandler(runtool::sdk::IRequestHandler *)
65 [46945646548736] TRACE perfrun.tpss <> - EXIT:  void runtool::tpss::Controller::setRequestHandler(runtool::sdk::IRequestHandler *)
65 [46945530039680] TRACE perfrun.launcher <> - Handle the user request: action = 0
65 [46945530039680] TRACE perfrun.launcher <> - ENTER: int runtool::Launcher::doStart()
65 [46945530039680] TRACE perfrun.launcher <> - ENTER: void runtool::Launcher::prepareLaunch()
65 [46945530039680] TRACE perfrun.launcher <> - ENTER: void runtool::Launcher::prepareResultDirectory()
65 [46945530039680] INFO perfrun.launcher <> - create a result directory: pattern = /user/home/kp19251/advanced-hpc-lbm/e000/hs000 pid = 4294967295
71 [46945530039680] TRACE perfrun.sdk <> - ENTER: bool runtool::sdk::DirectoryInfo::isLocal() const
71 [46945530039680] INFO perfrun.sdk <> - checked that the directory /user/home/kp19251/advanced-hpc-lbm/e000/hs000 is a local directory
71 [46945530039680] INFO perfrun.sdk <> - the directory /user/home/kp19251/advanced-hpc-lbm/e000/hs000 is located on a share or its FS ID is unknown 1196443219
71 [46945530039680] TRACE perfrun.sdk <> - EXIT:  bool runtool::sdk::DirectoryInfo::isLocal() const
72 [46945530039680] INFO perfrun.launcher <> - Create a local result directory /tmp/advixe-tmp-kp19251/advixe-res-10450-11123504350744722 due to the user result path /user/home/kp19251/advanced-hpc-lbm/e000/hs000 is located on a share
72 [46945530039680] TRACE perfrun.launcher <> - Update configuration: result directory = /tmp/advixe-tmp-kp19251/advixe-res-10450-11123504350744722
73 [46945530039680] INFO perfrun.launcher <> - create data directory = /tmp/advixe-tmp-kp19251/advixe-res-10450-11123504350744722/data.0
75 [46945530039680] INFO perfrun.launcher <> - create data directory = /user/home/kp19251/advanced-hpc-lbm/e000/hs000/data.0
77 [46945530039680] TRACE perfrun.launcher <> - Update configuration: data directory = /tmp/advixe-tmp-kp19251/advixe-res-10450-11123504350744722/data.0
77 [46945530039680] TRACE perfrun.launcher <> - EXIT:  void runtool::Launcher::prepareResultDirectory()
83 [46945530039680] TRACE perfrun.launcher <> - IMessenger: send collection state with state = 11
84 [46945646548736] TRACE perfrun.launcher <> - Update configuration: follow child = 1
90 [46945646548736] TRACE perfrun.launcher <> - Update configuration: time source = 0
90 [46945646548736] TRACE perfrun.launcher <> - Update configuration: stack = 1
90 [46945646548736] TRACE perfrun.launcher <> - Update configuration: gelding = 0
90 [46945646548736] TRACE perfrun.launcher <> - Update configuration: stack stitching = 1
90 [46945646548736] TRACE perfrun.system <> - ENTER: int runtool::system::Controller::initialize(runtool::sdk::IConfiguration *)
90 [46945646548736] TRACE perfrun.system <> - ENTER: int runtool::system::TraceWriter::initialize(runtool::sdk::IConfiguration *, runtool::system::TraceWriter::Settings *)
90 [46945646548736] TRACE perfrun.sdk <> - 0x7924a02
97 [46945646548736] TRACE perfrun.sdk <> - ENTER: runtool::sdk::TraceFile::TraceFile(tpss_tmu_creator *, unsigned int, const std::basic_string<char, std::char_traits<char>, std::allocator<char>> &, bool)
97 [46945646548736] INFO perfrun.sdk <> - Allocating TMU :/tmp/advixe-tmp-kp19251/advixe-res-10450-11123504350744722/data.0/systemcollector-10450-compute101.bc4.acrc.priv.sc
97 [46945646548736] TRACE perfrun.sdk <> - EXIT:  runtool::sdk::TraceFile::TraceFile(tpss_tmu_creator *, unsigned int, const std::basic_string<char, std::char_traits<char>, std::allocator<char>> &, bool)
98 [46945646548736] TRACE perfrun.system <> - EXIT:  int runtool::system::TraceWriter::initialize(runtool::sdk::IConfiguration *, runtool::system::TraceWriter::Settings *)
98 [46945646548736] TRACE perfrun.system <> - EXIT:  int runtool::system::Controller::initialize(runtool::sdk::IConfiguration *)
98 [46945646548736] INFO perfrun.launcher <> - plugin [] was disabled because it doesn't support the given collection type.
98 [46945646548736] INFO perfrun.launcher <> - plugin [] was disabled because it doesn't support the given collection type.
98 [46945646548736] INFO perfrun.launcher <> - plugin [] was disabled because it doesn't support the given collection type.
98 [46945646548736] INFO perfrun.launcher <> - plugin [] was disabled because it doesn't support the given collection type.
98 [46945646548736] INFO perfrun.launcher <> - plugin [] was disabled because it doesn't support the given collection type.
98 [46945646548736] INFO perfrun.launcher <> - plugin [] was disabled because it doesn't support the given collection type.
98 [46945646548736] TRACE perfrun.mrte <> - ENTER: int runtool::mrte::Controller::initialize(runtool::sdk::IConfiguration *)
98 [46945646548736] TRACE perfrun.mrte <> - EXIT:  int runtool::mrte::Controller::initialize(runtool::sdk::IConfiguration *)
98 [46945646548736] INFO perfrun.launcher <> - plugin [mrte] was disabled because it doesn't support the given collection type.
98 [46945646548736] INFO perfrun.launcher <> - plugin [] was disabled because it doesn't support the given collection type.
98 [46945646548736] INFO perfrun.launcher <> - plugin [] was disabled because it doesn't support the given collection type.
98 [46945646548736] INFO perfrun.launcher <> - plugin [] was disabled because it doesn't support the given collection type.
98 [46945646548736] INFO perfrun.launcher <> - plugin [] was disabled because it doesn't support the given collection type.
98 [46945646548736] INFO perfrun.launcher <> - plugin [] was disabled because it doesn't support the given collection type.
98 [46945646548736] TRACE perfrun.tpss <> - ENTER: int runtool::tpss::Controller::initialize(runtool::sdk::IConfiguration *)
98 [46945646548736] INFO perfrun.tpss <> - initialize tpss controller
98 [46945646548736] TRACE perfrun.tpss <> - ENTER: bool runtool::tpss::Controller::configureCollectionMode(const std::basic_string<char, std::char_traits<char>, std::allocator<char>> &)
98 [46945646548736] INFO perfrun.tpss <> - configure collection mode: value = cpu:stack
98 [46945646548736] TRACE perfrun.tpss <> - EXIT:  bool runtool::tpss::Controller::configureCollectionMode(const std::basic_string<char, std::char_traits<char>, std::allocator<char>> &)
98 [46945646548736] TRACE perfrun.tpss <> - ENTER: tpss::trace_file_t runtool::tpss::castTraceFileType(const gen_helpers2::variant_t &)
98 [46945646548736] TRACE perfrun.tpss <> - EXIT:  tpss::trace_file_t runtool::tpss::castTraceFileType(const gen_helpers2::variant_t &)
98 [46945646548736] INFO perfrun.tpss <> - default obj-size-min=1024
98 [46945646548736] INFO perfrun.tpss <> - default hash-table-size=0
98 [46945646548736] TRACE perfrun.tpss <> - EXIT:  int runtool::tpss::Controller::initialize(runtool::sdk::IConfiguration *)
98 [46945646548736] INFO perfrun.launcher <> - plugin [] was disabled because it doesn't support the given collection type.
98 [46945646548736] INFO perfrun.launcher <> - plugin [] was disabled because it doesn't support the given collection type.
98 [46945646548736] INFO perfrun.launcher <> - plugin [] was disabled because it doesn't support the given collection type.
98 [46945646548736] INFO perfrun.launcher <> - plugin [] was disabled because it doesn't support the given collection type.
98 [46945646548736] INFO perfrun.launcher <> - plugin [] was disabled because it doesn't support the given collection type.
98 [46945646548736] INFO perfrun.launcher <> - plugin [] was disabled because it doesn't support the given collection type.
99 [46945530039680] TRACE perfrun.launcher <> - RpcServer was created for IPC filename = /user/home/kp19251/advanced-hpc-lbm/e000/hs000/runtool.10450.ipc
99 [46945530039680] TRACE perfrun.launcher <> - RpcServer: setup all handlers at once
99 [46945530039680] TRACE perfrun.launcher <> - RpcServer: setup a handler for ICancelRequest
99 [46945530039680] TRACE perfrun.launcher <> - RpcServer: setup a handler for IPauseRequest
99 [46945530039680] TRACE perfrun.launcher <> - RpcServer: setup a handler for IResumeRequest
99 [46945530039680] TRACE perfrun.launcher <> - RpcServer: setup a handler for IStopRequest
99 [46945530039680] TRACE perfrun.launcher <> - RpcServer: setup a handler for IStatusRequest
99 [46945530039680] TRACE perfrun.launcher <> - RpcServer: setup a handler for IDetachRequest
99 [46945530039680] TRACE perfrun.launcher <> - RpcServer: setup a handler for IMarkRequest
99 [46945530039680] INFO perfrun.launcher <> - RpcServer: run RPC server to handle requests
103 [46945530039680] DEBUG perfrun.launcher <> - RpcServer: wrote information about the RPC server into the IPC file
103 [46945530039680] TRACE perfrun.launcher <> - EXIT:  void runtool::Launcher::prepareLaunch()
103 [46945530039680] INFO perfrun.launcher <> - Launcher: command line to start before modification = ./d2q9-bgk input_128x128.params obstacles_128x128.dat
103 [46945752028928] TRACE perfrun.launcher <> - ENTER: RpcServer: the main loop handles RPC requests  from clients
103 [46945646548736] TRACE perfrun.tpss <> - ENTER: void runtool::tpss::Controller::modifyCommandLine(std::basic_string<char, std::char_traits<char>, std::allocator<char>> &) const
103 [46945646548736] TRACE perfrun.tpss <> - EXIT:  void runtool::tpss::Controller::modifyCommandLine(std::basic_string<char, std::char_traits<char>, std::allocator<char>> &) const
104 [46945530039680] INFO perfrun.launcher <> - Launcher: command line to start after modification = /mnt/storage/software/languages/intel/intel-parallel_studio_xe_2018_u3/advisor_2018.3.0.558307/bin64/pin -error_file /tmp/advixe-tmp-kp19251/advixe-res-10450-11123504350744722/data.0/pinerr.tpsslog -detach_reattach -follow_execv -tool_load_option deepbind -t64 /mnt/storage/software/languages/intel/intel-parallel_studio_xe_2018_u3/advisor_2018.3.0.558307/lib64/libtpsstool.so -t /mnt/storage/software/languages/intel/intel-parallel_studio_xe_2018_u3/advisor_2018.3.0.558307/lib32/libtpsstool.so -server_name tpss_ipc.10450 -prd_dir /mnt/storage/software/languages/intel/intel-parallel_studio_xe_2018_u3/advisor_2018.3.0.558307 -- ./d2q9-bgk input_128x128.params obstacles_128x128.dat
104 [46945530039680] INFO perfrun.launcher <> - ProcessCreator object was created
104 [46945530039680] TRACE perfrun.launcher <> - ENTER: unsigned int runtool::ProcessCreator::start(bool)
105 [46945530039680] TRACE perfrun.launcher <> - EXIT:  unsigned int runtool::ProcessCreator::start(bool)
105 [46945530039680] INFO perfrun.launcher <> - Launcher: the process was started in suspend mode
105 [46945646548736] TRACE perfrun.system <> - ENTER: void runtool::system::Controller::onEvent(runtool::sdk::collection_state_t)
105 [46945646548736] TRACE perfrun.system <> - EXIT:  void runtool::system::Controller::onEvent(runtool::sdk::collection_state_t)
105 [46945646548736] TRACE perfrun.system <> - ENTER: bool runtool::system::Controller::start(unsigned int)
219 [46945646548736] INFO perfrun.system <> - Helper runtool '/mnt/storage/software/languages/intel/intel-parallel_studio_xe_2018_u3/advisor_2018.3.0.558307/bin32/advixe-runss -dump-vdso -r /tmp/advixe-tmp-kp19251/advixe-res-10450-11123504350744722 --tmp-dir /tmp/advixe-tmp-kp19251' returned 0
300 [46945646548736] INFO perfrun.system <> - Helper runtool '/mnt/storage/software/languages/intel/intel-parallel_studio_xe_2018_u3/advisor_2018.3.0.558307/bin64/advixe-runss -dump-vdso -r /tmp/advixe-tmp-kp19251/advixe-res-10450-11123504350744722 --tmp-dir /tmp/advixe-tmp-kp19251' returned 0
306 [46945646548736] TRACE perfrun.system <> - ENTER: bool runtool::system::getVideoAdapters(std::vector<runtool::system::gpu_adapter_t, std::allocator<runtool::system::gpu_adapter_t>> &)
418 [46945646548736] TRACE perfrun.system <> - EXIT:  bool runtool::system::getVideoAdapters(std::vector<runtool::system::gpu_adapter_t, std::allocator<runtool::system::gpu_adapter_t>> &)
418 [46945646548736] TRACE perfrun.sdk <> - ENTER: bool runtool::sdk::runSystemCmd(const std::basic_string<char, std::char_traits<char>, std::allocator<char>> &, std::basic_string<char, std::char_traits<char>, std::allocator<char>> *, bool, const std::basic_string<char, std::char_traits<char>, std::allocator<char>> &)
418 [46945646548736] WARN perfrun.sdk <> - Failed to find xl binary on any of the system paths: /bin, /sbin, /usr/bin, /usr/sbin., at file: vcs/perfrun1/sdk/src/utils.cpp:433
418 [46945646548736] TRACE perfrun.sdk <> - EXIT:  bool runtool::sdk::runSystemCmd(const std::basic_string<char, std::char_traits<char>, std::allocator<char>> &, std::basic_string<char, std::char_traits<char>, std::allocator<char>> *, bool, const std::basic_string<char, std::char_traits<char>, std::allocator<char>> &)
420 [46945646548736] TRACE perfrun.system <> - EXIT:  bool runtool::system::Controller::start(unsigned int)
420 [46945646548736] TRACE perfrun.tpss <> - ENTER: bool runtool::tpss::Controller::start(unsigned int)
420 [46945646548736] INFO perfrun.tpss <> - start tpss controller for pid #10455
470 [46945646548736] TRACE perfrun.tpss <> - EXIT:  bool runtool::tpss::Controller::start(unsigned int)
470 [46945646548736] TRACE perfrun.system <> - ENTER: void runtool::system::Controller::onEvent(runtool::sdk::collection_state_t)
470 [46945646548736] TRACE perfrun.system <> - EXIT:  void runtool::system::Controller::onEvent(runtool::sdk::collection_state_t)
470 [46945530039680] INFO perfrun.launcher <> - Launcher: all plugins were started
470 [46945530039680] TRACE perfrun.launcher <> - IMessenger: send collection state with state = 1
471 [46945530039680] TRACE perfrun.launcher <> - ENTER: void runtool::Launcher::setupResumeAfterCallback()
471 [46945530039680] TRACE perfrun.launcher <> - EXIT:  void runtool::Launcher::setupResumeAfterCallback()
471 [46945530039680] TRACE perfrun.launcher <> - ENTER: void runtool::Launcher::setupHardStopCallbacks()
471 [46945530039680] INFO perfrun.launcher <> - DirectoryMonitor object was created
471 [46945530039680] INFO perfrun.launcher <> - DirectoryMonitor: a callback was added
471 [46945530039680] INFO perfrun.launcher <> - DirectoryMonitor was started with pingTime = 1000
471 [46945530039680] INFO perfrun.launcher <> - DeadlineTimer is going to be constructed
471 [46945530039680] INFO perfrun.launcher <> - DeadlineTimer: a callback was added
471 [46945530039680] TRACE perfrun.launcher <> - EXIT:  void runtool::Launcher::setupHardStopCallbacks()
471 [46945530039680] TRACE perfrun.launcher <> - ENTER: void runtool::Launcher::setupDurationCallback(bool)
471 [46945530039680] TRACE perfrun.launcher <> - EXIT:  void runtool::Launcher::setupDurationCallback(bool)
479 [46945530039680] TRACE perfrun.launcher <> - ENTER: void runtool::ProcessCreator::resume()
479 [46945530039680] DEBUG perfrun.launcher <> - ProcessCreator: the process with pid = 10455 is resumed
481 [46945530039680] TRACE perfrun.launcher <> - EXIT:  void runtool::ProcessCreator::resume()
481 [46945530039680] INFO perfrun.launcher <> - Launcher: resume the profiled application and  wait its termination or stop command
481 [46945530039680] TRACE perfrun.launcher <> - ENTER: int runtool::ProcessCreator::wait()
481 [46945530039680] TRACE perfrun.launcher <> - ENTER: int runtool::ProcessCreator::waitPid()
1471 [46945756231424] TRACE perfrun.launcher <> - ENTER: void runtool::DeadlineTimer::notify(const boost::system::error_code &)
1472 [46945756231424] TRACE perfrun.launcher <> - ENTER: void runtool::DirectoryMonitor::notifyAll()
1472 [46945756231424] TRACE perfrun.sdk <> - ENTER: void runtool::sdk::getFilesFromDirectoryByExt(const std::basic_string<char, std::char_traits<char>, std::allocator<char>> &, const std::basic_string<char, std::char_traits<char>, std::allocator<char>> &, std::list<std::basic_string<char, std::char_traits<char>, std::allocator<char>>, std::allocator<std::basic_string<char, std::char_traits<char>, std::allocator<char>>>> &)
1472 [46945756231424] TRACE perfrun.sdk <> - EXIT:  void runtool::sdk::getFilesFromDirectoryByExt(const std::basic_string<char, std::char_traits<char>, std::allocator<char>> &, const std::basic_string<char, std::char_traits<char>, std::allocator<char>> &, std::list<std::basic_string<char, std::char_traits<char>, std::allocator<char>>, std::allocator<std::basic_string<char, std::char_traits<char>, std::allocator<char>>>> &)
1473 [46945756231424] DEBUG perfrun.launcher <> - DirectoryInfo: total size of monitored paths is 0 bytes
1473 [46945756231424] TRACE perfrun.launcher <> - EXIT:  void runtool::DirectoryMonitor::notifyAll()
1473 [46945756231424] TRACE perfrun.launcher <> - EXIT:  void runtool::DeadlineTimer::notify(const boost::system::error_code &)
2473 [46945756231424] TRACE perfrun.launcher <> - ENTER: void runtool::DeadlineTimer::notify(const boost::system::error_code &)
2473 [46945756231424] TRACE perfrun.launcher <> - ENTER: void runtool::DirectoryMonitor::notifyAll()
2473 [46945756231424] TRACE perfrun.sdk <> - ENTER: void runtool::sdk::getFilesFromDirectoryByExt(const std::basic_string<char, std::char_traits<char>, std::allocator<char>> &, const std::basic_string<char, std::char_traits<char>, std::allocator<char>> &, std::list<std::basic_string<char, std::char_traits<char>, std::allocator<char>>, std::allocator<std::basic_string<char, std::char_traits<char>, std::allocator<char>>>> &)
2474 [46945756231424] TRACE perfrun.sdk <> - EXIT:  void runtool::sdk::getFilesFromDirectoryByExt(const std::basic_string<char, std::char_traits<char>, std::allocator<char>> &, const std::basic_string<char, std::char_traits<char>, std::allocator<char>> &, std::list<std::basic_string<char, std::char_traits<char>, std::allocator<char>>, std::allocator<std::basic_string<char, std::char_traits<char>, std::allocator<char>>>> &)
2474 [46945756231424] DEBUG perfrun.launcher <> - DirectoryInfo: total size of monitored paths is 322368 bytes
2474 [46945756231424] TRACE perfrun.launcher <> - EXIT:  void runtool::DirectoryMonitor::notifyAll()
2474 [46945756231424] TRACE perfrun.launcher <> - EXIT:  void runtool::DeadlineTimer::notify(const boost::system::error_code &)
3474 [46945756231424] TRACE perfrun.launcher <> - ENTER: void runtool::DeadlineTimer::notify(const boost::system::error_code &)
3474 [46945756231424] TRACE perfrun.launcher <> - ENTER: void runtool::DirectoryMonitor::notifyAll()
3474 [46945756231424] TRACE perfrun.sdk <> - ENTER: void runtool::sdk::getFilesFromDirectoryByExt(const std::basic_string<char, std::char_traits<char>, std::allocator<char>> &, const std::basic_string<char, std::char_traits<char>, std::allocator<char>> &, std::list<std::basic_string<char, std::char_traits<char>, std::allocator<char>>, std::allocator<std::basic_string<char, std::char_traits<char>, std::allocator<char>>>> &)
3475 [46945756231424] TRACE perfrun.sdk <> - EXIT:  void runtool::sdk::getFilesFromDirectoryByExt(const std::basic_string<char, std::char_traits<char>, std::allocator<char>> &, const std::basic_string<char, std::char_traits<char>, std::allocator<char>> &, std::list<std::basic_string<char, std::char_traits<char>, std::allocator<char>>, std::allocator<std::basic_string<char, std::char_traits<char>, std::allocator<char>>>> &)
3475 [46945756231424] DEBUG perfrun.launcher <> - DirectoryInfo: total size of monitored paths is 644486 bytes
3475 [46945756231424] TRACE perfrun.launcher <> - EXIT:  void runtool::DirectoryMonitor::notifyAll()
3475 [46945756231424] TRACE perfrun.launcher <> - EXIT:  void runtool::DeadlineTimer::notify(const boost::system::error_code &)
4475 [46945756231424] TRACE perfrun.launcher <> - ENTER: void runtool::DeadlineTimer::notify(const boost::system::error_code &)
4475 [46945756231424] TRACE perfrun.launcher <> - ENTER: void runtool::DirectoryMonitor::notifyAll()
4475 [46945756231424] TRACE perfrun.sdk <> - ENTER: void runtool::sdk::getFilesFromDirectoryByExt(const std::basic_string<char, std::char_traits<char>, std::allocator<char>> &, const std::basic_string<char, std::char_traits<char>, std::allocator<char>> &, std::list<std::basic_string<char, std::char_traits<char>, std::allocator<char>>, std::allocator<std::basic_string<char, std::char_traits<char>, std::allocator<char>>>> &)
4476 [46945756231424] TRACE perfrun.sdk <> - EXIT:  void runtool::sdk::getFilesFromDirectoryByExt(const std::basic_string<char, std::char_traits<char>, std::allocator<char>> &, const std::basic_string<char, std::char_traits<char>, std::allocator<char>> &, std::list<std::basic_string<char, std::char_traits<char>, std::allocator<char>>, std::allocator<std::basic_string<char, std::char_traits<char>, std::allocator<char>>>> &)
4476 [46945756231424] DEBUG perfrun.launcher <> - DirectoryInfo: total size of monitored paths is 805322 bytes
4476 [46945756231424] TRACE perfrun.launcher <> - EXIT:  void runtool::DirectoryMonitor::notifyAll()
4476 [46945756231424] TRACE perfrun.launcher <> - EXIT:  void runtool::DeadlineTimer::notify(const boost::system::error_code &)
4584 [46945530039680] TRACE perfrun.launcher <> - EXIT:  int runtool::ProcessCreator::waitPid()
4584 [46945530039680] TRACE perfrun.launcher <> - EXIT:  int runtool::ProcessCreator::wait()
4584 [46945530039680] INFO perfrun.launcher <> - Launcher: the profiled application was terminated  with exit code = 0
4584 [46945530039680] TRACE perfrun.launcher <> - ENTER: void runtool::Launcher::waitForSlaves(const std::basic_string<char, std::char_traits<char>, std::allocator<char>> &)
4584 [46945530039680] TRACE perfrun.sdk <> - ENTER: void runtool::sdk::getFilesFromDirectoryByExt(const std::basic_string<char, std::char_traits<char>, std::allocator<char>> &, const std::basic_string<char, std::char_traits<char>, std::allocator<char>> &, std::list<std::basic_string<char, std::char_traits<char>, std::allocator<char>>, std::allocator<std::basic_string<char, std::char_traits<char>, std::allocator<char>>>> &)
4584 [46945530039680] TRACE perfrun.sdk <> - EXIT:  void runtool::sdk::getFilesFromDirectoryByExt(const std::basic_string<char, std::char_traits<char>, std::allocator<char>> &, const std::basic_string<char, std::char_traits<char>, std::allocator<char>> &, std::list<std::basic_string<char, std::char_traits<char>, std::allocator<char>>, std::allocator<std::basic_string<char, std::char_traits<char>, std::allocator<char>>>> &)
4584 [46945530039680] TRACE perfrun.launcher <> - EXIT:  void runtool::Launcher::waitForSlaves(const std::basic_string<char, std::char_traits<char>, std::allocator<char>> &)
4584 [46945646548736] TRACE perfrun.system <> - ENTER: void runtool::system::Controller::onEvent(runtool::sdk::collection_state_t)
4584 [46945646548736] TRACE perfrun.system <> - EXIT:  void runtool::system::Controller::onEvent(runtool::sdk::collection_state_t)
4584 [46945646548736] TRACE perfrun.system <> - ENTER: bool runtool::system::Controller::stop()
4588 [46945646548736] TRACE perfrun.system <> - EXIT:  bool runtool::system::Controller::stop()
4588 [46945646548736] TRACE perfrun.tpss <> - ENTER: bool runtool::tpss::Controller::stop()
4588 [46945646548736] INFO perfrun.tpss <> - stop tpss controller
4588 [46945646548736] TRACE perfrun.tpss <> - EXIT:  bool runtool::tpss::Controller::stop()
4588 [46945646548736] TRACE perfrun.system <> - ENTER: void runtool::system::Controller::onEvent(runtool::sdk::collection_state_t)
4588 [46945646548736] TRACE perfrun.sdk <> - ENTER: void runtool::sdk::TraceFile::close(boost::system::error_code &)
4589 [46945646548736] INFO perfrun.sdk <> - De-allocating TMU: /tmp/advixe-tmp-kp19251/advixe-res-10450-11123504350744722/data.0/systemcollector-10450-compute101.bc4.acrc.priv.sc
4589 [46945646548736] TRACE perfrun.sdk <> - EXIT:  void runtool::sdk::TraceFile::close(boost::system::error_code &)
4589 [46945646548736] INFO perfrun.system <> - closed the system trace file: /tmp/advixe-tmp-kp19251/advixe-res-10450-11123504350744722/data.0/systemcollector-10450-compute101.bc4.acrc.priv.sc
4589 [46945646548736] TRACE perfrun.system <> - EXIT:  void runtool::system::Controller::onEvent(runtool::sdk::collection_state_t)
4589 [46945530039680] TRACE perfrun.launcher <> - ENTER: void runtool::ProcessSetMonitor<T>::stop() [with T = unsigned int]
4589 [46945530039680] TRACE perfrun.launcher <> - EXIT:  void runtool::ProcessSetMonitor<T>::stop() [with T = unsigned int]
4589 [46945530039680] TRACE perfrun.launcher <> - ENTER: void runtool::ProcessCreator::stop()
4589 [46945530039680] TRACE perfrun.launcher <> - EXIT:  void runtool::ProcessCreator::stop()
4589 [46945530039680] INFO perfrun.launcher <> - Launcher: all plugins were stopped.
4589 [46945530039680] TRACE perfrun.launcher <> - ENTER: void runtool::Launcher::resetDurationCallback()
4589 [46945530039680] TRACE perfrun.launcher <> - EXIT:  void runtool::Launcher::resetDurationCallback()
4589 [46945530039680] TRACE perfrun.launcher <> - ENTER: void runtool::Launcher::resetResumeAfterCallback()
4589 [46945530039680] TRACE perfrun.launcher <> - EXIT:  void runtool::Launcher::resetResumeAfterCallback()
4589 [46945530039680] TRACE perfrun.launcher <> - ENTER: void runtool::Launcher::resetHardStopCallbacks()
4589 [46945530039680] INFO perfrun.launcher <> - DeadlineTimer is going to be destroyed
4589 [46945530039680] INFO perfrun.launcher <> - DirectoryMonitor object was destroyed
4589 [46945530039680] TRACE perfrun.launcher <> - EXIT:  void runtool::Launcher::resetHardStopCallbacks()
4589 [46945530039680] WARN perfrun.launcher <> - Stop command is ignored because it is received when collection is already stopped, at file: vcs/perfrun1/launcher/src/command_handler.cpp:209
4589 [46945530039680] TRACE perfrun.launcher <> - ENTER: void runtool::Launcher::shutdownLaunch()
4589 [46945530039680] TRACE perfrun.launcher <> - ENTER: void runtool::Launcher::resetDurationCallback()
4589 [46945530039680] TRACE perfrun.launcher <> - EXIT:  void runtool::Launcher::resetDurationCallback()
4589 [46945530039680] TRACE perfrun.launcher <> - ENTER: void runtool::Launcher::resetResumeAfterCallback()
4589 [46945530039680] TRACE perfrun.launcher <> - EXIT:  void runtool::Launcher::resetResumeAfterCallback()
4589 [46945530039680] TRACE perfrun.launcher <> - ENTER: void runtool::Launcher::resetHardStopCallbacks()
4589 [46945530039680] TRACE perfrun.launcher <> - EXIT:  void runtool::Launcher::resetHardStopCallbacks()
4589 [46945530039680] TRACE perfrun.launcher <> - ENTER: void runtool::RpcServer::stop()
4590 [46945530039680] TRACE perfrun.launcher <> - ENTER: Send RPC request
4590 [46945752028928] TRACE perfrun.launcher <> - ENTER: Receive RPC request
4590 [46945530039680] TRACE perfrun.launcher <> - header and body of the message was send: header = 22 serialization::archive 10 0 0 8 0 0 0 0; body = 22 serialization::archive 10 0 0 8 0 0 0 0
4590 [46945752028928] TRACE perfrun.launcher <> - header of the message was received: size = 8; message =       2a
4590 [46945530039680] TRACE perfrun.launcher <> - EXIT:  Send RPC request
4590 [46945752028928] TRACE perfrun.launcher <> - body of the message was received: size = 42; message = 22 serialization::archive 10 0 0 8 0 0 0 0
4590 [46945752028928] TRACE perfrun.launcher <> - EXIT:  Receive RPC request
4590 [46945752028928] TRACE perfrun.launcher <> - EXIT:  RpcServer: the main loop handles RPC requests  from clients
4590 [46945530039680] TRACE perfrun.launcher <> - EXIT:  void runtool::RpcServer::stop()
4660 [46945530039680] TRACE perfrun.launcher <> - ENTER: void runtool::Launcher::waitForSlaves(const std::basic_string<char, std::char_traits<char>, std::allocator<char>> &)
4660 [46945530039680] TRACE perfrun.sdk <> - ENTER: void runtool::sdk::getFilesFromDirectoryByExt(const std::basic_string<char, std::char_traits<char>, std::allocator<char>> &, const std::basic_string<char, std::char_traits<char>, std::allocator<char>> &, std::list<std::basic_string<char, std::char_traits<char>, std::allocator<char>>, std::allocator<std::basic_string<char, std::char_traits<char>, std::allocator<char>>>> &)
4660 [46945530039680] TRACE perfrun.sdk <> - EXIT:  void runtool::sdk::getFilesFromDirectoryByExt(const std::basic_string<char, std::char_traits<char>, std::allocator<char>> &, const std::basic_string<char, std::char_traits<char>, std::allocator<char>> &, std::list<std::basic_string<char, std::char_traits<char>, std::allocator<char>>, std::allocator<std::basic_string<char, std::char_traits<char>, std::allocator<char>>>> &)
4660 [46945530039680] TRACE perfrun.launcher <> - EXIT:  void runtool::Launcher::waitForSlaves(const std::basic_string<char, std::char_traits<char>, std::allocator<char>> &)
4660 [46945530039680] TRACE perfrun.launcher <> - EXIT:  void runtool::Launcher::shutdownLaunch()
4660 [46945530039680] TRACE perfrun.launcher <> - EXIT:  int runtool::Launcher::doStart()
4660 [46945530039680] TRACE perfrun.launcher <> - IMessenger: send collection state with state = 3
4660 [46945530039680] INFO perfrun.launcher <> - Application exit code: 0
4661 [46945530039680] INFO perfrun.launcher <> - Exit code: 0
4661 [46945530039680] TRACE perfrun.launcher <> - EXIT:  Start the collection
4661 [46945530039680] TRACE perfrun.launcher <> - ENTER: Destroy the launcher...
4661 [46945530039680] TRACE perfrun.launcher <> - EXIT:  Destroy the launcher...
4661 [46945530039680] TRACE perfrun.launcher <> - ENTER: runtool::RpcServer::~RpcServer()
4661 [46945530039680] TRACE perfrun.launcher <> - ENTER: void runtool::RpcServer::stop()
4661 [46945530039680] TRACE perfrun.launcher <> - EXIT:  void runtool::RpcServer::stop()
4661 [46945530039680] TRACE perfrun.launcher <> - EXIT:  runtool::RpcServer::~RpcServer()
4661 [46945530039680] TRACE perfrun.launcher <> - ENTER: runtool::ProcessCreator::~ProcessCreator()
4661 [46945530039680] TRACE perfrun.launcher <> - ENTER: void runtool::ProcessCreator::stop()
4661 [46945530039680] TRACE perfrun.launcher <> - EXIT:  void runtool::ProcessCreator::stop()
4661 [46945530039680] TRACE perfrun.launcher <> - EXIT:  runtool::ProcessCreator::~ProcessCreator()
4661 [46945530039680] TRACE perfrun.launcher <> - PluginManagerProxy::doOperation thread was terminated.
4663 [46945530039680] TRACE perfrun.launcher <> - EXIT:  int main(int, char **)
