29 [47557426658688] TRACE perfrun.launcher <> - ENTER: int main(int, char **)
33 [47557426658688] TRACE perfrun.launcher <> - ENTER: Start the collection
33 [47557426658688] INFO perfrun.launcher <> - argc = 7; cmdline = /mnt/storage/software/languages/intel/intel-parallel_studio_xe_2018_u3/advisor_2018.3.0.558307/bin64/advixe-runss --ui-output-format xml --ui-output-fd 7 --option-file /user/home/kp19251/advanced-hpc-lbm/e000/hs014/config/runss.options 
33 [47557426658688] TRACE perfrun.launcher <> - ENTER: Initialize the launcher
36 [47557426658688] TRACE perfrun.launcher <> - ENTER: void runtool::CmdLineParser::declareOptions()
47 [47557426658688] TRACE perfrun.launcher <> - EXIT:  void runtool::CmdLineParser::declareOptions()
47 [47557426658688] TRACE perfrun.system <> - ENTER: static runtool::system::IController *runtool::system::IController::create()
47 [47557426658688] TRACE perfrun.system <> - ENTER: runtool::system::Controller::Controller()
47 [47557426658688] TRACE perfrun.system <> - EXIT:  runtool::system::Controller::Controller()
47 [47557426658688] TRACE perfrun.system <> - EXIT:  static runtool::system::IController *runtool::system::IController::create()
47 [47557426658688] INFO perfrun.launcher <> - plugin system has been added successfully
47 [47557426658688] INFO perfrun.launcher <> - plugin  has been added successfully
47 [47557426658688] INFO perfrun.launcher <> - plugin  has been added successfully
47 [47557426658688] INFO perfrun.launcher <> - plugin  has been added successfully
47 [47557426658688] INFO perfrun.launcher <> - plugin  has been added successfully
47 [47557426658688] INFO perfrun.launcher <> - plugin  has been added successfully
47 [47557426658688] INFO perfrun.launcher <> - plugin  has been added successfully
47 [47557426658688] INFO perfrun.launcher <> - plugin mrte has been added successfully
47 [47557426658688] INFO perfrun.launcher <> - plugin  has been added successfully
47 [47557426658688] INFO perfrun.launcher <> - plugin  has been added successfully
52 [47557426658688] INFO perfrun.launcher <> - plugin  has been added successfully
52 [47557426658688] INFO perfrun.launcher <> - plugin  has been added successfully
52 [47557426658688] INFO perfrun.launcher <> - plugin  has been added successfully
52 [47557426658688] TRACE perfrun.tpss <> - ENTER: static runtool::sdk::IController *runtool::tpss::IController::create()
52 [47557426658688] TRACE perfrun.tpss <> - ENTER: create tpss controller
53 [47557426658688] TRACE perfrun.tpss <> - EXIT:  create tpss controller
53 [47557426658688] TRACE perfrun.tpss <> - EXIT:  static runtool::sdk::IController *runtool::tpss::IController::create()
53 [47557426658688] INFO perfrun.launcher <> - plugin tpss has been added successfully
53 [47557426658688] INFO perfrun.launcher <> - plugin  has been added successfully
53 [47557426658688] INFO perfrun.launcher <> - plugin  has been added successfully
53 [47557426658688] INFO perfrun.launcher <> - plugin  has been added successfully
53 [47557426658688] INFO perfrun.launcher <> - plugin  has been added successfully
53 [47557426658688] INFO perfrun.launcher <> - plugin  has been added successfully
53 [47557426658688] INFO perfrun.launcher <> - plugin  has been added successfully
53 [47557426658688] INFO perfrun.launcher <> - the option was added --interval: Specify an interval of data collection (for example, sampling) in milliseconds.
53 [47557426658688] INFO perfrun.launcher <> - the option was added --follow-child: Profile process with or without children.
53 [47557426658688] INFO perfrun.launcher <> - the option was added --gelding: BADMSG: perfrun1.launcher.plugin_manager::gelding
53 [47557426658688] INFO perfrun.launcher <> - the option was added --time-source: Specify time source for measurement. Possible values: sys - wall clock time; tsc - time stamp counter; ext - time from an external source; auto - auto select accurate time source.
53 [47557426658688] INFO perfrun.launcher <> - the option was added --stack: Enable or disable collection of stacks.
56 [47557426658688] INFO perfrun.launcher <> - the option was added --stack-stitching: Enable or disable the stack stitching algorithm for Intel TBB-based applications.
56 [47557426658688] INFO perfrun.launcher <> - the option was added --type: Specify type of data to be collected. For example, --type cpu:counters,waiting:nostack,io.
56 [47557426658688] INFO perfrun.launcher <> - the option was added --mrte-mode: Specify Java/.NET/other managed runtime collection mode. Possible values: native - collect information only for native code; managed - collect information only for managed code; mixed - collect information for both managed and native code; auto - choose the mode based on binary type.
56 [47557426658688] INFO perfrun.launcher <> - the option was added --mrte-mode-list: List supported Java/.NET/other managed runtime collection modes.
56 [47557426658688] INFO perfrun.launcher <> - the option was added --mrte-type: Specify which managed runtimes to collect. Possible values: java - collect information for Java; dotnet - collect information for .NET; python - collect information for CPython. You can specify several values separated by comma.
56 [47557426658688] INFO perfrun.launcher <> - the option was added --mrte-type-list: List supported Java/.NET/other managed runtime types.
56 [47557426658688] INFO perfrun.launcher <> - the option was added --trace-strategy: Specify how to profile a process tree. <string> can be "<process>:trace:notrace" - profile the process but do not profile its children. Shorthand parameters: t - trace, nt - notrace. For example, "vtunedemo.exe:t:t".
56 [47557426658688] INFO perfrun.launcher <> - the option was added --collector: BADMSG: perfrun1.launcher.plugin_manager::collector
57 [47557426658688] INFO perfrun.launcher <> - the option was added --system-wide: Enable system-wide profiling. This mode may require additional permissions.
57 [47557426658688] INFO perfrun.launcher <> - the option was added --kvm-guest: Enable KVM guest OS profiling.
57 [47557426658688] INFO perfrun.launcher <> - the option was added --kvm-guest-kallsyms: Specify a local path to the /proc/kallsyms file copied from the guest OS for proper symbol resolution.
57 [47557426658688] INFO perfrun.launcher <> - the option was added --kvm-guest-modules: Specify a local path to the /proc/modules file copied from the guest OS for proper symbol resolution.
57 [47557426658688] INFO perfrun.launcher <> - the option was added --target-system: BADMSG: perfrun1.launcher.plugin_manager::target-system
57 [47557426658688] INFO perfrun.launcher <> - the option was added --dump-vdso: Dump [vdso] to result directory
57 [47557426658688] INFO perfrun.launcher <> - the option was added --bandwidth-limits: Measure bandwidth limits
57 [47557426658688] INFO perfrun.launcher <> - the option was added --bandwidth-strategy: Bandwidth limits determination specific properties (example: --bandwidth-strategy array-size=0,duration=500).
57 [47557426658688] INFO perfrun.launcher <> - the option was added --bandwidth-config: List of benchmarks to run.
57 [47557426658688] INFO perfrun.launcher <> - the option was added --benchmark-sync: Run synchronized bandwidth measurement.
57 [47557426658688] INFO perfrun.launcher <> - the option was added --system-collector-config: Specify subcollectors. Possible values: all, vdso, container, device-info, none.
57 [47557426658688] INFO perfrun.launcher <> - the option was added --stackwalk: Specify stack unwinding method. Possible values: online - unwind stacks during collection; offline - unwind stacks after collection is finished.
57 [47557426658688] INFO perfrun.launcher <> - the option was added --filter-include: Filter data during collection. Possible values: contended=<on|off> - filter out uncontended events; contended_nostack=<time> - filter out stacks for contended events that take less than <time> microseconds; wait=<time> - ignore transitions and blocks with wait time less than <time> microseconds; wait_nostack=<time> - filter out stacks for waits that take less than <time> microseconds.
57 [47557426658688] INFO perfrun.launcher <> - the option was added --debug-pin: Debug PIN tool and runtime.
58 [47557426658688] INFO perfrun.launcher <> - the option was added --debug-exception: Disallow the application to set own abnormal termination handler.
58 [47557426658688] INFO perfrun.launcher <> - the option was added --trace-type: Specify the trace file granularity. Possible values: per-thread - per-thread trace file generation; per-process - per-process trace file generation.
58 [47557426658688] INFO perfrun.launcher <> - the option was added --instrumentation-type: Specify type of instrumentation.
58 [47557426658688] INFO perfrun.launcher <> - the option was added --altstack: Enable or disable usage of altstacks for profiling signal handlers.
58 [47557426658688] INFO perfrun.launcher <> - the option was added --profiling-signal: Alternate profiling signal.
58 [47557426658688] INFO perfrun.launcher <> - the option was added --memory-strategy: Specify a minimal memory object size to be traced and a hash table size for faster objects search; for example: --memory-strategy obj-size-min=1024,hash-table-size=4096.
58 [47557426658688] TRACE perfrun.launcher <> - Update configuration: tmp directory = /tmp/advixe-tmp-kp19251
58 [47557426658688] TRACE perfrun.launcher <> - EXIT:  Initialize the launcher
59 [47557426658688] TRACE perfrun.launcher <> - ENTER: void runtool::CmdLineParser::parseOptionFile(const std::basic_string<char, std::char_traits<char>, std::allocator<char>> &)
61 [47557426658688] TRACE perfrun.launcher <> - EXIT:  void runtool::CmdLineParser::parseOptionFile(const std::basic_string<char, std::char_traits<char>, std::allocator<char>> &)
61 [47557426658688] INFO perfrun.launcher <> - create msngr2::ICliToolContext
62 [47557426658688] TRACE perfrun.launcher <> - ENTER: void runtool::CmdLineParser::validateParseResult() const
62 [47557426658688] TRACE perfrun.launcher <> - EXIT:  void runtool::CmdLineParser::validateParseResult() const
62 [47557426658688] TRACE perfrun.launcher <> - ENTER: void runtool::CmdLineParser::populate(runtool::IConfiguration *) const
62 [47557426658688] TRACE perfrun.launcher <> - Update configuration: action = start
62 [47557426658688] TRACE perfrun.launcher <> - Update configuration: collection type = launcher
62 [47557426658688] TRACE perfrun.launcher <> - Update configuration: quiet mode is enabled
62 [47557426658688] TRACE perfrun.launcher <> - Update configuration: compression level = 2
62 [47557426658688] TRACE perfrun.launcher <> - Update configuration: duration = 0 sec
62 [47557426658688] TRACE perfrun.launcher <> - Update configuration: data limit = 524288000 bytes
62 [47557426658688] TRACE perfrun.launcher <> - Update configuration: disc space limit = 0 bytes
62 [47557426658688] TRACE perfrun.launcher <> - Update configuration: return-app-exitcode = false
62 [47557426658688] TRACE perfrun.launcher <> - Update configuration: result directory = /user/home/kp19251/advanced-hpc-lbm/e000/hs014
62 [47557426658688] TRACE perfrun.launcher <> - Update configuration: application = ./d2q9-bgk
62 [47557426658688] TRACE perfrun.launcher <> - Update configuration: application argument = input_128x128.params
62 [47557426658688] TRACE perfrun.launcher <> - Update configuration: application argument = obstacles_128x128.dat
62 [47557426658688] TRACE perfrun.launcher <> - [IN] option = interval; value = 10 !u32_t
62 [47557426658688] TRACE perfrun.launcher <> - [IN] option = follow-child; value = true !bool
62 [47557426658688] TRACE perfrun.launcher <> - [IN] option = gelding; value = false !bool
62 [47557426658688] TRACE perfrun.launcher <> - [IN] option = time-source; value = auto !ustring
62 [47557426658688] TRACE perfrun.launcher <> - [IN] option = stack; value = true !bool
62 [47557426658688] TRACE perfrun.launcher <> - [IN] option = stack-stitching; value = true !bool
62 [47557426658688] TRACE perfrun.launcher <> - [IN] option = type; value = cpu:stack !ustring
62 [47557426658688] TRACE perfrun.launcher <> - [IN] option = mrte-mode; value = auto !ustring
62 [47557426658688] TRACE perfrun.launcher <> - [IN] option = mrte-type; value = java !ustring
62 [47557426658688] TRACE perfrun.launcher <> - [IN] option = mrte-type; value = python !ustring
62 [47557426658688] TRACE perfrun.launcher <> - [IN] option = trace-strategy; value = ld-linux.so.2:notrace:notrace !ustring
62 [47557426658688] TRACE perfrun.launcher <> - [IN] option = trace-strategy; value = ld-linux-x86-64.so.2:notrace:notrace !ustring
62 [47557426658688] TRACE perfrun.launcher <> - [IN] option = collector; value = sep !ustring
62 [47557426658688] TRACE perfrun.launcher <> - [IN] option = system-wide; value = false !bool
62 [47557426658688] TRACE perfrun.launcher <> - [IN] option = kvm-guest; value = false !bool
62 [47557426658688] TRACE perfrun.launcher <> - [IN] option = bandwidth-limits; value = false !bool
62 [47557426658688] TRACE perfrun.launcher <> - [IN] option = benchmark-sync; value = false !bool
62 [47557426658688] TRACE perfrun.launcher <> - [IN] option = system-collector-config; value = all !ustring
62 [47557426658688] TRACE perfrun.launcher <> - [IN] option = stackwalk; value = offline !ustring
62 [47557426658688] TRACE perfrun.launcher <> - [IN] option = trace-type; value = per-thread !ustring
62 [47557426658688] TRACE perfrun.launcher <> - [IN] option = instrumentation-type; value = pin !ustring
62 [47557426658688] TRACE perfrun.launcher <> - [IN] option = altstack; value = true !bool
62 [47557426658688] TRACE perfrun.launcher <> - EXIT:  void runtool::CmdLineParser::populate(runtool::IConfiguration *) const
62 [47557543159552] TRACE perfrun.tpss <> - ENTER: void runtool::tpss::Controller::setMessageChannel(runtool::sdk::IMessageChannel *)
63 [47557543159552] TRACE perfrun.tpss <> - EXIT:  void runtool::tpss::Controller::setMessageChannel(runtool::sdk::IMessageChannel *)
63 [47557426658688] INFO perfrun.launcher <> - create file finder object
63 [47557543159552] TRACE perfrun.tpss <> - ENTER: void runtool::tpss::Controller::setRequestHandler(runtool::sdk::IRequestHandler *)
63 [47557543159552] TRACE perfrun.tpss <> - EXIT:  void runtool::tpss::Controller::setRequestHandler(runtool::sdk::IRequestHandler *)
63 [47557426658688] TRACE perfrun.launcher <> - Handle the user request: action = 0
63 [47557426658688] TRACE perfrun.launcher <> - ENTER: int runtool::Launcher::doStart()
63 [47557426658688] TRACE perfrun.launcher <> - ENTER: void runtool::Launcher::prepareLaunch()
63 [47557426658688] TRACE perfrun.launcher <> - ENTER: void runtool::Launcher::prepareResultDirectory()
63 [47557426658688] INFO perfrun.launcher <> - create a result directory: pattern = /user/home/kp19251/advanced-hpc-lbm/e000/hs014 pid = 4294967295
68 [47557426658688] TRACE perfrun.sdk <> - ENTER: bool runtool::sdk::DirectoryInfo::isLocal() const
68 [47557426658688] INFO perfrun.sdk <> - checked that the directory /user/home/kp19251/advanced-hpc-lbm/e000/hs014 is a local directory
69 [47557426658688] INFO perfrun.sdk <> - the directory /user/home/kp19251/advanced-hpc-lbm/e000/hs014 is located on a share or its FS ID is unknown 1196443219
69 [47557426658688] TRACE perfrun.sdk <> - EXIT:  bool runtool::sdk::DirectoryInfo::isLocal() const
69 [47557426658688] INFO perfrun.launcher <> - Create a local result directory /tmp/advixe-tmp-kp19251/advixe-res-524-3092218656933080 due to the user result path /user/home/kp19251/advanced-hpc-lbm/e000/hs014 is located on a share
70 [47557426658688] TRACE perfrun.launcher <> - Update configuration: result directory = /tmp/advixe-tmp-kp19251/advixe-res-524-3092218656933080
70 [47557426658688] INFO perfrun.launcher <> - create data directory = /tmp/advixe-tmp-kp19251/advixe-res-524-3092218656933080/data.0
73 [47557426658688] INFO perfrun.launcher <> - create data directory = /user/home/kp19251/advanced-hpc-lbm/e000/hs014/data.0
75 [47557426658688] TRACE perfrun.launcher <> - Update configuration: data directory = /tmp/advixe-tmp-kp19251/advixe-res-524-3092218656933080/data.0
76 [47557426658688] TRACE perfrun.launcher <> - EXIT:  void runtool::Launcher::prepareResultDirectory()
83 [47557426658688] TRACE perfrun.launcher <> - IMessenger: send collection state with state = 11
83 [47557543159552] TRACE perfrun.launcher <> - Update configuration: follow child = 1
89 [47557543159552] TRACE perfrun.launcher <> - Update configuration: time source = 0
89 [47557543159552] TRACE perfrun.launcher <> - Update configuration: stack = 1
89 [47557543159552] TRACE perfrun.launcher <> - Update configuration: gelding = 0
89 [47557543159552] TRACE perfrun.launcher <> - Update configuration: stack stitching = 1
89 [47557543159552] TRACE perfrun.system <> - ENTER: int runtool::system::Controller::initialize(runtool::sdk::IConfiguration *)
89 [47557543159552] TRACE perfrun.system <> - ENTER: int runtool::system::TraceWriter::initialize(runtool::sdk::IConfiguration *, runtool::system::TraceWriter::Settings *)
89 [47557543159552] TRACE perfrun.sdk <> - 0x7924a02
95 [47557543159552] TRACE perfrun.sdk <> - ENTER: runtool::sdk::TraceFile::TraceFile(tpss_tmu_creator *, unsigned int, const std::basic_string<char, std::char_traits<char>, std::allocator<char>> &, bool)
95 [47557543159552] INFO perfrun.sdk <> - Allocating TMU :/tmp/advixe-tmp-kp19251/advixe-res-524-3092218656933080/data.0/systemcollector-524-compute105.bc4.acrc.priv.sc
96 [47557543159552] TRACE perfrun.sdk <> - EXIT:  runtool::sdk::TraceFile::TraceFile(tpss_tmu_creator *, unsigned int, const std::basic_string<char, std::char_traits<char>, std::allocator<char>> &, bool)
96 [47557543159552] TRACE perfrun.system <> - EXIT:  int runtool::system::TraceWriter::initialize(runtool::sdk::IConfiguration *, runtool::system::TraceWriter::Settings *)
96 [47557543159552] TRACE perfrun.system <> - EXIT:  int runtool::system::Controller::initialize(runtool::sdk::IConfiguration *)
96 [47557543159552] INFO perfrun.launcher <> - plugin [] was disabled because it doesn't support the given collection type.
96 [47557543159552] INFO perfrun.launcher <> - plugin [] was disabled because it doesn't support the given collection type.
96 [47557543159552] INFO perfrun.launcher <> - plugin [] was disabled because it doesn't support the given collection type.
96 [47557543159552] INFO perfrun.launcher <> - plugin [] was disabled because it doesn't support the given collection type.
96 [47557543159552] INFO perfrun.launcher <> - plugin [] was disabled because it doesn't support the given collection type.
96 [47557543159552] INFO perfrun.launcher <> - plugin [] was disabled because it doesn't support the given collection type.
96 [47557543159552] TRACE perfrun.mrte <> - ENTER: int runtool::mrte::Controller::initialize(runtool::sdk::IConfiguration *)
96 [47557543159552] TRACE perfrun.mrte <> - EXIT:  int runtool::mrte::Controller::initialize(runtool::sdk::IConfiguration *)
96 [47557543159552] INFO perfrun.launcher <> - plugin [mrte] was disabled because it doesn't support the given collection type.
96 [47557543159552] INFO perfrun.launcher <> - plugin [] was disabled because it doesn't support the given collection type.
96 [47557543159552] INFO perfrun.launcher <> - plugin [] was disabled because it doesn't support the given collection type.
96 [47557543159552] INFO perfrun.launcher <> - plugin [] was disabled because it doesn't support the given collection type.
96 [47557543159552] INFO perfrun.launcher <> - plugin [] was disabled because it doesn't support the given collection type.
96 [47557543159552] INFO perfrun.launcher <> - plugin [] was disabled because it doesn't support the given collection type.
96 [47557543159552] TRACE perfrun.tpss <> - ENTER: int runtool::tpss::Controller::initialize(runtool::sdk::IConfiguration *)
96 [47557543159552] INFO perfrun.tpss <> - initialize tpss controller
96 [47557543159552] TRACE perfrun.tpss <> - ENTER: bool runtool::tpss::Controller::configureCollectionMode(const std::basic_string<char, std::char_traits<char>, std::allocator<char>> &)
96 [47557543159552] INFO perfrun.tpss <> - configure collection mode: value = cpu:stack
96 [47557543159552] TRACE perfrun.tpss <> - EXIT:  bool runtool::tpss::Controller::configureCollectionMode(const std::basic_string<char, std::char_traits<char>, std::allocator<char>> &)
96 [47557543159552] TRACE perfrun.tpss <> - ENTER: tpss::trace_file_t runtool::tpss::castTraceFileType(const gen_helpers2::variant_t &)
96 [47557543159552] TRACE perfrun.tpss <> - EXIT:  tpss::trace_file_t runtool::tpss::castTraceFileType(const gen_helpers2::variant_t &)
96 [47557543159552] INFO perfrun.tpss <> - default obj-size-min=1024
96 [47557543159552] INFO perfrun.tpss <> - default hash-table-size=0
96 [47557543159552] TRACE perfrun.tpss <> - EXIT:  int runtool::tpss::Controller::initialize(runtool::sdk::IConfiguration *)
96 [47557543159552] INFO perfrun.launcher <> - plugin [] was disabled because it doesn't support the given collection type.
96 [47557543159552] INFO perfrun.launcher <> - plugin [] was disabled because it doesn't support the given collection type.
96 [47557543159552] INFO perfrun.launcher <> - plugin [] was disabled because it doesn't support the given collection type.
96 [47557543159552] INFO perfrun.launcher <> - plugin [] was disabled because it doesn't support the given collection type.
96 [47557543159552] INFO perfrun.launcher <> - plugin [] was disabled because it doesn't support the given collection type.
96 [47557543159552] INFO perfrun.launcher <> - plugin [] was disabled because it doesn't support the given collection type.
97 [47557426658688] TRACE perfrun.launcher <> - RpcServer was created for IPC filename = /user/home/kp19251/advanced-hpc-lbm/e000/hs014/runtool.524.ipc
97 [47557426658688] TRACE perfrun.launcher <> - RpcServer: setup all handlers at once
97 [47557426658688] TRACE perfrun.launcher <> - RpcServer: setup a handler for ICancelRequest
97 [47557426658688] TRACE perfrun.launcher <> - RpcServer: setup a handler for IPauseRequest
97 [47557426658688] TRACE perfrun.launcher <> - RpcServer: setup a handler for IResumeRequest
97 [47557426658688] TRACE perfrun.launcher <> - RpcServer: setup a handler for IStopRequest
97 [47557426658688] TRACE perfrun.launcher <> - RpcServer: setup a handler for IStatusRequest
97 [47557426658688] TRACE perfrun.launcher <> - RpcServer: setup a handler for IDetachRequest
97 [47557426658688] TRACE perfrun.launcher <> - RpcServer: setup a handler for IMarkRequest
97 [47557426658688] INFO perfrun.launcher <> - RpcServer: run RPC server to handle requests
100 [47557426658688] DEBUG perfrun.launcher <> - RpcServer: wrote information about the RPC server into the IPC file
100 [47557426658688] TRACE perfrun.launcher <> - EXIT:  void runtool::Launcher::prepareLaunch()
101 [47557648094976] TRACE perfrun.launcher <> - ENTER: RpcServer: the main loop handles RPC requests  from clients
101 [47557426658688] INFO perfrun.launcher <> - Launcher: command line to start before modification = ./d2q9-bgk input_128x128.params obstacles_128x128.dat
101 [47557543159552] TRACE perfrun.tpss <> - ENTER: void runtool::tpss::Controller::modifyCommandLine(std::basic_string<char, std::char_traits<char>, std::allocator<char>> &) const
106 [47557543159552] TRACE perfrun.tpss <> - EXIT:  void runtool::tpss::Controller::modifyCommandLine(std::basic_string<char, std::char_traits<char>, std::allocator<char>> &) const
106 [47557426658688] INFO perfrun.launcher <> - Launcher: command line to start after modification = /mnt/storage/software/languages/intel/intel-parallel_studio_xe_2018_u3/advisor_2018.3.0.558307/bin64/pin -error_file /tmp/advixe-tmp-kp19251/advixe-res-524-3092218656933080/data.0/pinerr.tpsslog -detach_reattach -follow_execv -tool_load_option deepbind -t64 /mnt/storage/software/languages/intel/intel-parallel_studio_xe_2018_u3/advisor_2018.3.0.558307/lib64/libtpsstool.so -t /mnt/storage/software/languages/intel/intel-parallel_studio_xe_2018_u3/advisor_2018.3.0.558307/lib32/libtpsstool.so -server_name tpss_ipc.524 -prd_dir /mnt/storage/software/languages/intel/intel-parallel_studio_xe_2018_u3/advisor_2018.3.0.558307 -- ./d2q9-bgk input_128x128.params obstacles_128x128.dat
106 [47557426658688] INFO perfrun.launcher <> - ProcessCreator object was created
106 [47557426658688] TRACE perfrun.launcher <> - ENTER: unsigned int runtool::ProcessCreator::start(bool)
107 [47557426658688] TRACE perfrun.launcher <> - EXIT:  unsigned int runtool::ProcessCreator::start(bool)
107 [47557426658688] INFO perfrun.launcher <> - Launcher: the process was started in suspend mode
107 [47557543159552] TRACE perfrun.system <> - ENTER: void runtool::system::Controller::onEvent(runtool::sdk::collection_state_t)
108 [47557543159552] TRACE perfrun.system <> - EXIT:  void runtool::system::Controller::onEvent(runtool::sdk::collection_state_t)
108 [47557543159552] TRACE perfrun.system <> - ENTER: bool runtool::system::Controller::start(unsigned int)
1159 [47557543159552] INFO perfrun.system <> - Helper runtool '/mnt/storage/software/languages/intel/intel-parallel_studio_xe_2018_u3/advisor_2018.3.0.558307/bin32/advixe-runss -dump-vdso -r /tmp/advixe-tmp-kp19251/advixe-res-524-3092218656933080 --tmp-dir /tmp/advixe-tmp-kp19251' returned 0
1239 [47557543159552] INFO perfrun.system <> - Helper runtool '/mnt/storage/software/languages/intel/intel-parallel_studio_xe_2018_u3/advisor_2018.3.0.558307/bin64/advixe-runss -dump-vdso -r /tmp/advixe-tmp-kp19251/advixe-res-524-3092218656933080 --tmp-dir /tmp/advixe-tmp-kp19251' returned 0
1246 [47557543159552] TRACE perfrun.system <> - ENTER: bool runtool::system::getVideoAdapters(std::vector<runtool::system::gpu_adapter_t, std::allocator<runtool::system::gpu_adapter_t>> &)
1357 [47557543159552] TRACE perfrun.system <> - EXIT:  bool runtool::system::getVideoAdapters(std::vector<runtool::system::gpu_adapter_t, std::allocator<runtool::system::gpu_adapter_t>> &)
1357 [47557543159552] TRACE perfrun.sdk <> - ENTER: bool runtool::sdk::runSystemCmd(const std::basic_string<char, std::char_traits<char>, std::allocator<char>> &, std::basic_string<char, std::char_traits<char>, std::allocator<char>> *, bool, const std::basic_string<char, std::char_traits<char>, std::allocator<char>> &)
1357 [47557543159552] WARN perfrun.sdk <> - Failed to find xl binary on any of the system paths: /bin, /sbin, /usr/bin, /usr/sbin., at file: vcs/perfrun1/sdk/src/utils.cpp:433
1357 [47557543159552] TRACE perfrun.sdk <> - EXIT:  bool runtool::sdk::runSystemCmd(const std::basic_string<char, std::char_traits<char>, std::allocator<char>> &, std::basic_string<char, std::char_traits<char>, std::allocator<char>> *, bool, const std::basic_string<char, std::char_traits<char>, std::allocator<char>> &)
1358 [47557543159552] TRACE perfrun.system <> - EXIT:  bool runtool::system::Controller::start(unsigned int)
1358 [47557543159552] TRACE perfrun.tpss <> - ENTER: bool runtool::tpss::Controller::start(unsigned int)
1359 [47557543159552] INFO perfrun.tpss <> - start tpss controller for pid #529
1409 [47557543159552] TRACE perfrun.tpss <> - EXIT:  bool runtool::tpss::Controller::start(unsigned int)
1409 [47557543159552] TRACE perfrun.system <> - ENTER: void runtool::system::Controller::onEvent(runtool::sdk::collection_state_t)
1409 [47557543159552] TRACE perfrun.system <> - EXIT:  void runtool::system::Controller::onEvent(runtool::sdk::collection_state_t)
1409 [47557426658688] INFO perfrun.launcher <> - Launcher: all plugins were started
1409 [47557426658688] TRACE perfrun.launcher <> - IMessenger: send collection state with state = 1
1409 [47557426658688] TRACE perfrun.launcher <> - ENTER: void runtool::Launcher::setupResumeAfterCallback()
1409 [47557426658688] TRACE perfrun.launcher <> - EXIT:  void runtool::Launcher::setupResumeAfterCallback()
1410 [47557426658688] TRACE perfrun.launcher <> - ENTER: void runtool::Launcher::setupHardStopCallbacks()
1410 [47557426658688] INFO perfrun.launcher <> - DirectoryMonitor object was created
1410 [47557426658688] INFO perfrun.launcher <> - DirectoryMonitor: a callback was added
1410 [47557426658688] INFO perfrun.launcher <> - DirectoryMonitor was started with pingTime = 1000
1410 [47557426658688] INFO perfrun.launcher <> - DeadlineTimer is going to be constructed
1410 [47557426658688] INFO perfrun.launcher <> - DeadlineTimer: a callback was added
1410 [47557426658688] TRACE perfrun.launcher <> - EXIT:  void runtool::Launcher::setupHardStopCallbacks()
1410 [47557426658688] TRACE perfrun.launcher <> - ENTER: void runtool::Launcher::setupDurationCallback(bool)
1410 [47557426658688] TRACE perfrun.launcher <> - EXIT:  void runtool::Launcher::setupDurationCallback(bool)
1419 [47557426658688] TRACE perfrun.launcher <> - ENTER: void runtool::ProcessCreator::resume()
1419 [47557426658688] DEBUG perfrun.launcher <> - ProcessCreator: the process with pid = 529 is resumed
1442 [47557426658688] TRACE perfrun.launcher <> - EXIT:  void runtool::ProcessCreator::resume()
1442 [47557426658688] INFO perfrun.launcher <> - Launcher: resume the profiled application and  wait its termination or stop command
1442 [47557426658688] TRACE perfrun.launcher <> - ENTER: int runtool::ProcessCreator::wait()
1443 [47557426658688] TRACE perfrun.launcher <> - ENTER: int runtool::ProcessCreator::waitPid()
2410 [47557652297472] TRACE perfrun.launcher <> - ENTER: void runtool::DeadlineTimer::notify(const boost::system::error_code &)
2410 [47557652297472] TRACE perfrun.launcher <> - ENTER: void runtool::DirectoryMonitor::notifyAll()
2410 [47557652297472] TRACE perfrun.sdk <> - ENTER: void runtool::sdk::getFilesFromDirectoryByExt(const std::basic_string<char, std::char_traits<char>, std::allocator<char>> &, const std::basic_string<char, std::char_traits<char>, std::allocator<char>> &, std::list<std::basic_string<char, std::char_traits<char>, std::allocator<char>>, std::allocator<std::basic_string<char, std::char_traits<char>, std::allocator<char>>>> &)
2411 [47557652297472] TRACE perfrun.sdk <> - EXIT:  void runtool::sdk::getFilesFromDirectoryByExt(const std::basic_string<char, std::char_traits<char>, std::allocator<char>> &, const std::basic_string<char, std::char_traits<char>, std::allocator<char>> &, std::list<std::basic_string<char, std::char_traits<char>, std::allocator<char>>, std::allocator<std::basic_string<char, std::char_traits<char>, std::allocator<char>>>> &)
2412 [47557652297472] DEBUG perfrun.launcher <> - DirectoryInfo: total size of monitored paths is 0 bytes
2412 [47557652297472] TRACE perfrun.launcher <> - EXIT:  void runtool::DirectoryMonitor::notifyAll()
2412 [47557652297472] TRACE perfrun.launcher <> - EXIT:  void runtool::DeadlineTimer::notify(const boost::system::error_code &)
3412 [47557652297472] TRACE perfrun.launcher <> - ENTER: void runtool::DeadlineTimer::notify(const boost::system::error_code &)
3412 [47557652297472] TRACE perfrun.launcher <> - ENTER: void runtool::DirectoryMonitor::notifyAll()
3412 [47557652297472] TRACE perfrun.sdk <> - ENTER: void runtool::sdk::getFilesFromDirectoryByExt(const std::basic_string<char, std::char_traits<char>, std::allocator<char>> &, const std::basic_string<char, std::char_traits<char>, std::allocator<char>> &, std::list<std::basic_string<char, std::char_traits<char>, std::allocator<char>>, std::allocator<std::basic_string<char, std::char_traits<char>, std::allocator<char>>>> &)
3413 [47557652297472] TRACE perfrun.sdk <> - EXIT:  void runtool::sdk::getFilesFromDirectoryByExt(const std::basic_string<char, std::char_traits<char>, std::allocator<char>> &, const std::basic_string<char, std::char_traits<char>, std::allocator<char>> &, std::list<std::basic_string<char, std::char_traits<char>, std::allocator<char>>, std::allocator<std::basic_string<char, std::char_traits<char>, std::allocator<char>>>> &)
3413 [47557652297472] DEBUG perfrun.launcher <> - DirectoryInfo: total size of monitored paths is 0 bytes
3413 [47557652297472] TRACE perfrun.launcher <> - EXIT:  void runtool::DirectoryMonitor::notifyAll()
3413 [47557652297472] TRACE perfrun.launcher <> - EXIT:  void runtool::DeadlineTimer::notify(const boost::system::error_code &)
4413 [47557652297472] TRACE perfrun.launcher <> - ENTER: void runtool::DeadlineTimer::notify(const boost::system::error_code &)
4413 [47557652297472] TRACE perfrun.launcher <> - ENTER: void runtool::DirectoryMonitor::notifyAll()
4413 [47557652297472] TRACE perfrun.sdk <> - ENTER: void runtool::sdk::getFilesFromDirectoryByExt(const std::basic_string<char, std::char_traits<char>, std::allocator<char>> &, const std::basic_string<char, std::char_traits<char>, std::allocator<char>> &, std::list<std::basic_string<char, std::char_traits<char>, std::allocator<char>>, std::allocator<std::basic_string<char, std::char_traits<char>, std::allocator<char>>>> &)
4414 [47557652297472] TRACE perfrun.sdk <> - EXIT:  void runtool::sdk::getFilesFromDirectoryByExt(const std::basic_string<char, std::char_traits<char>, std::allocator<char>> &, const std::basic_string<char, std::char_traits<char>, std::allocator<char>> &, std::list<std::basic_string<char, std::char_traits<char>, std::allocator<char>>, std::allocator<std::basic_string<char, std::char_traits<char>, std::allocator<char>>>> &)
4414 [47557652297472] DEBUG perfrun.launcher <> - DirectoryInfo: total size of monitored paths is 0 bytes
4414 [47557652297472] TRACE perfrun.launcher <> - EXIT:  void runtool::DirectoryMonitor::notifyAll()
4414 [47557652297472] TRACE perfrun.launcher <> - EXIT:  void runtool::DeadlineTimer::notify(const boost::system::error_code &)
5414 [47557652297472] TRACE perfrun.launcher <> - ENTER: void runtool::DeadlineTimer::notify(const boost::system::error_code &)
5414 [47557652297472] TRACE perfrun.launcher <> - ENTER: void runtool::DirectoryMonitor::notifyAll()
5414 [47557652297472] TRACE perfrun.sdk <> - ENTER: void runtool::sdk::getFilesFromDirectoryByExt(const std::basic_string<char, std::char_traits<char>, std::allocator<char>> &, const std::basic_string<char, std::char_traits<char>, std::allocator<char>> &, std::list<std::basic_string<char, std::char_traits<char>, std::allocator<char>>, std::allocator<std::basic_string<char, std::char_traits<char>, std::allocator<char>>>> &)
5415 [47557652297472] TRACE perfrun.sdk <> - EXIT:  void runtool::sdk::getFilesFromDirectoryByExt(const std::basic_string<char, std::char_traits<char>, std::allocator<char>> &, const std::basic_string<char, std::char_traits<char>, std::allocator<char>> &, std::list<std::basic_string<char, std::char_traits<char>, std::allocator<char>>, std::allocator<std::basic_string<char, std::char_traits<char>, std::allocator<char>>>> &)
5415 [47557652297472] DEBUG perfrun.launcher <> - DirectoryInfo: total size of monitored paths is 0 bytes
5415 [47557652297472] TRACE perfrun.launcher <> - EXIT:  void runtool::DirectoryMonitor::notifyAll()
5415 [47557652297472] TRACE perfrun.launcher <> - EXIT:  void runtool::DeadlineTimer::notify(const boost::system::error_code &)
6415 [47557652297472] TRACE perfrun.launcher <> - ENTER: void runtool::DeadlineTimer::notify(const boost::system::error_code &)
6415 [47557652297472] TRACE perfrun.launcher <> - ENTER: void runtool::DirectoryMonitor::notifyAll()
6415 [47557652297472] TRACE perfrun.sdk <> - ENTER: void runtool::sdk::getFilesFromDirectoryByExt(const std::basic_string<char, std::char_traits<char>, std::allocator<char>> &, const std::basic_string<char, std::char_traits<char>, std::allocator<char>> &, std::list<std::basic_string<char, std::char_traits<char>, std::allocator<char>>, std::allocator<std::basic_string<char, std::char_traits<char>, std::allocator<char>>>> &)
6416 [47557652297472] TRACE perfrun.sdk <> - EXIT:  void runtool::sdk::getFilesFromDirectoryByExt(const std::basic_string<char, std::char_traits<char>, std::allocator<char>> &, const std::basic_string<char, std::char_traits<char>, std::allocator<char>> &, std::list<std::basic_string<char, std::char_traits<char>, std::allocator<char>>, std::allocator<std::basic_string<char, std::char_traits<char>, std::allocator<char>>>> &)
6416 [47557652297472] DEBUG perfrun.launcher <> - DirectoryInfo: total size of monitored paths is 0 bytes
6416 [47557652297472] TRACE perfrun.launcher <> - EXIT:  void runtool::DirectoryMonitor::notifyAll()
6416 [47557652297472] TRACE perfrun.launcher <> - EXIT:  void runtool::DeadlineTimer::notify(const boost::system::error_code &)
7416 [47557652297472] TRACE perfrun.launcher <> - ENTER: void runtool::DeadlineTimer::notify(const boost::system::error_code &)
7416 [47557652297472] TRACE perfrun.launcher <> - ENTER: void runtool::DirectoryMonitor::notifyAll()
7416 [47557652297472] TRACE perfrun.sdk <> - ENTER: void runtool::sdk::getFilesFromDirectoryByExt(const std::basic_string<char, std::char_traits<char>, std::allocator<char>> &, const std::basic_string<char, std::char_traits<char>, std::allocator<char>> &, std::list<std::basic_string<char, std::char_traits<char>, std::allocator<char>>, std::allocator<std::basic_string<char, std::char_traits<char>, std::allocator<char>>>> &)
7417 [47557652297472] TRACE perfrun.sdk <> - EXIT:  void runtool::sdk::getFilesFromDirectoryByExt(const std::basic_string<char, std::char_traits<char>, std::allocator<char>> &, const std::basic_string<char, std::char_traits<char>, std::allocator<char>> &, std::list<std::basic_string<char, std::char_traits<char>, std::allocator<char>>, std::allocator<std::basic_string<char, std::char_traits<char>, std::allocator<char>>>> &)
7417 [47557652297472] DEBUG perfrun.launcher <> - DirectoryInfo: total size of monitored paths is 0 bytes
7417 [47557652297472] TRACE perfrun.launcher <> - EXIT:  void runtool::DirectoryMonitor::notifyAll()
7417 [47557652297472] TRACE perfrun.launcher <> - EXIT:  void runtool::DeadlineTimer::notify(const boost::system::error_code &)
8358 [47557426658688] TRACE perfrun.launcher <> - EXIT:  int runtool::ProcessCreator::waitPid()
8358 [47557426658688] TRACE perfrun.launcher <> - EXIT:  int runtool::ProcessCreator::wait()
8358 [47557426658688] INFO perfrun.launcher <> - Launcher: the profiled application was terminated  with exit code = 0
8358 [47557426658688] TRACE perfrun.launcher <> - ENTER: void runtool::Launcher::waitForSlaves(const std::basic_string<char, std::char_traits<char>, std::allocator<char>> &)
8358 [47557426658688] TRACE perfrun.sdk <> - ENTER: void runtool::sdk::getFilesFromDirectoryByExt(const std::basic_string<char, std::char_traits<char>, std::allocator<char>> &, const std::basic_string<char, std::char_traits<char>, std::allocator<char>> &, std::list<std::basic_string<char, std::char_traits<char>, std::allocator<char>>, std::allocator<std::basic_string<char, std::char_traits<char>, std::allocator<char>>>> &)
8359 [47557426658688] TRACE perfrun.sdk <> - EXIT:  void runtool::sdk::getFilesFromDirectoryByExt(const std::basic_string<char, std::char_traits<char>, std::allocator<char>> &, const std::basic_string<char, std::char_traits<char>, std::allocator<char>> &, std::list<std::basic_string<char, std::char_traits<char>, std::allocator<char>>, std::allocator<std::basic_string<char, std::char_traits<char>, std::allocator<char>>>> &)
8359 [47557426658688] TRACE perfrun.launcher <> - EXIT:  void runtool::Launcher::waitForSlaves(const std::basic_string<char, std::char_traits<char>, std::allocator<char>> &)
8359 [47557543159552] TRACE perfrun.system <> - ENTER: void runtool::system::Controller::onEvent(runtool::sdk::collection_state_t)
8359 [47557543159552] TRACE perfrun.system <> - EXIT:  void runtool::system::Controller::onEvent(runtool::sdk::collection_state_t)
8359 [47557543159552] TRACE perfrun.system <> - ENTER: bool runtool::system::Controller::stop()
8364 [47557543159552] TRACE perfrun.system <> - EXIT:  bool runtool::system::Controller::stop()
8364 [47557543159552] TRACE perfrun.tpss <> - ENTER: bool runtool::tpss::Controller::stop()
8364 [47557543159552] INFO perfrun.tpss <> - stop tpss controller
8364 [47557543159552] TRACE perfrun.tpss <> - EXIT:  bool runtool::tpss::Controller::stop()
8364 [47557543159552] TRACE perfrun.system <> - ENTER: void runtool::system::Controller::onEvent(runtool::sdk::collection_state_t)
8364 [47557543159552] TRACE perfrun.sdk <> - ENTER: void runtool::sdk::TraceFile::close(boost::system::error_code &)
8364 [47557543159552] INFO perfrun.sdk <> - De-allocating TMU: /tmp/advixe-tmp-kp19251/advixe-res-524-3092218656933080/data.0/systemcollector-524-compute105.bc4.acrc.priv.sc
8364 [47557543159552] TRACE perfrun.sdk <> - EXIT:  void runtool::sdk::TraceFile::close(boost::system::error_code &)
8364 [47557543159552] INFO perfrun.system <> - closed the system trace file: /tmp/advixe-tmp-kp19251/advixe-res-524-3092218656933080/data.0/systemcollector-524-compute105.bc4.acrc.priv.sc
8365 [47557543159552] TRACE perfrun.system <> - EXIT:  void runtool::system::Controller::onEvent(runtool::sdk::collection_state_t)
8365 [47557426658688] TRACE perfrun.launcher <> - ENTER: void runtool::ProcessSetMonitor<T>::stop() [with T = unsigned int]
8365 [47557426658688] TRACE perfrun.launcher <> - EXIT:  void runtool::ProcessSetMonitor<T>::stop() [with T = unsigned int]
8365 [47557426658688] TRACE perfrun.launcher <> - ENTER: void runtool::ProcessCreator::stop()
8365 [47557426658688] TRACE perfrun.launcher <> - EXIT:  void runtool::ProcessCreator::stop()
8365 [47557426658688] INFO perfrun.launcher <> - Launcher: all plugins were stopped.
8365 [47557426658688] TRACE perfrun.launcher <> - ENTER: void runtool::Launcher::resetDurationCallback()
8365 [47557426658688] TRACE perfrun.launcher <> - EXIT:  void runtool::Launcher::resetDurationCallback()
8365 [47557426658688] TRACE perfrun.launcher <> - ENTER: void runtool::Launcher::resetResumeAfterCallback()
8365 [47557426658688] TRACE perfrun.launcher <> - EXIT:  void runtool::Launcher::resetResumeAfterCallback()
8365 [47557426658688] TRACE perfrun.launcher <> - ENTER: void runtool::Launcher::resetHardStopCallbacks()
8365 [47557426658688] INFO perfrun.launcher <> - DeadlineTimer is going to be destroyed
8365 [47557426658688] INFO perfrun.launcher <> - DirectoryMonitor object was destroyed
8365 [47557426658688] TRACE perfrun.launcher <> - EXIT:  void runtool::Launcher::resetHardStopCallbacks()
8365 [47557426658688] WARN perfrun.launcher <> - Stop command is ignored because it is received when collection is already stopped, at file: vcs/perfrun1/launcher/src/command_handler.cpp:209
8365 [47557426658688] TRACE perfrun.launcher <> - ENTER: void runtool::Launcher::shutdownLaunch()
8365 [47557426658688] TRACE perfrun.launcher <> - ENTER: void runtool::Launcher::resetDurationCallback()
8365 [47557426658688] TRACE perfrun.launcher <> - EXIT:  void runtool::Launcher::resetDurationCallback()
8365 [47557426658688] TRACE perfrun.launcher <> - ENTER: void runtool::Launcher::resetResumeAfterCallback()
8365 [47557426658688] TRACE perfrun.launcher <> - EXIT:  void runtool::Launcher::resetResumeAfterCallback()
8365 [47557426658688] TRACE perfrun.launcher <> - ENTER: void runtool::Launcher::resetHardStopCallbacks()
8365 [47557426658688] TRACE perfrun.launcher <> - EXIT:  void runtool::Launcher::resetHardStopCallbacks()
8365 [47557426658688] TRACE perfrun.launcher <> - ENTER: void runtool::RpcServer::stop()
8366 [47557426658688] TRACE perfrun.launcher <> - ENTER: Send RPC request
8366 [47557648094976] TRACE perfrun.launcher <> - ENTER: Receive RPC request
8366 [47557426658688] TRACE perfrun.launcher <> - header and body of the message was send: header = 22 serialization::archive 10 0 0 8 0 0 0 0; body = 22 serialization::archive 10 0 0 8 0 0 0 0
8366 [47557648094976] TRACE perfrun.launcher <> - header of the message was received: size = 8; message =       2a
8366 [47557426658688] TRACE perfrun.launcher <> - EXIT:  Send RPC request
8366 [47557648094976] TRACE perfrun.launcher <> - body of the message was received: size = 42; message = 22 serialization::archive 10 0 0 8 0 0 0 0
8366 [47557648094976] TRACE perfrun.launcher <> - EXIT:  Receive RPC request
8367 [47557648094976] TRACE perfrun.launcher <> - EXIT:  RpcServer: the main loop handles RPC requests  from clients
8367 [47557426658688] TRACE perfrun.launcher <> - EXIT:  void runtool::RpcServer::stop()
8392 [47557426658688] TRACE perfrun.launcher <> - ENTER: void runtool::Launcher::waitForSlaves(const std::basic_string<char, std::char_traits<char>, std::allocator<char>> &)
8392 [47557426658688] TRACE perfrun.sdk <> - ENTER: void runtool::sdk::getFilesFromDirectoryByExt(const std::basic_string<char, std::char_traits<char>, std::allocator<char>> &, const std::basic_string<char, std::char_traits<char>, std::allocator<char>> &, std::list<std::basic_string<char, std::char_traits<char>, std::allocator<char>>, std::allocator<std::basic_string<char, std::char_traits<char>, std::allocator<char>>>> &)
8393 [47557426658688] TRACE perfrun.sdk <> - EXIT:  void runtool::sdk::getFilesFromDirectoryByExt(const std::basic_string<char, std::char_traits<char>, std::allocator<char>> &, const std::basic_string<char, std::char_traits<char>, std::allocator<char>> &, std::list<std::basic_string<char, std::char_traits<char>, std::allocator<char>>, std::allocator<std::basic_string<char, std::char_traits<char>, std::allocator<char>>>> &)
8393 [47557426658688] TRACE perfrun.launcher <> - EXIT:  void runtool::Launcher::waitForSlaves(const std::basic_string<char, std::char_traits<char>, std::allocator<char>> &)
8393 [47557426658688] TRACE perfrun.launcher <> - EXIT:  void runtool::Launcher::shutdownLaunch()
8393 [47557426658688] TRACE perfrun.launcher <> - EXIT:  int runtool::Launcher::doStart()
8393 [47557426658688] TRACE perfrun.launcher <> - IMessenger: send collection state with state = 3
8393 [47557426658688] INFO perfrun.launcher <> - Application exit code: 0
8393 [47557426658688] INFO perfrun.launcher <> - Exit code: 0
8393 [47557426658688] TRACE perfrun.launcher <> - EXIT:  Start the collection
8393 [47557426658688] TRACE perfrun.launcher <> - ENTER: Destroy the launcher...
8393 [47557426658688] TRACE perfrun.launcher <> - EXIT:  Destroy the launcher...
8393 [47557426658688] TRACE perfrun.launcher <> - ENTER: runtool::RpcServer::~RpcServer()
8393 [47557426658688] TRACE perfrun.launcher <> - ENTER: void runtool::RpcServer::stop()
8393 [47557426658688] TRACE perfrun.launcher <> - EXIT:  void runtool::RpcServer::stop()
8393 [47557426658688] TRACE perfrun.launcher <> - EXIT:  runtool::RpcServer::~RpcServer()
8393 [47557426658688] TRACE perfrun.launcher <> - ENTER: runtool::ProcessCreator::~ProcessCreator()
8393 [47557426658688] TRACE perfrun.launcher <> - ENTER: void runtool::ProcessCreator::stop()
8393 [47557426658688] TRACE perfrun.launcher <> - EXIT:  void runtool::ProcessCreator::stop()
8393 [47557426658688] TRACE perfrun.launcher <> - EXIT:  runtool::ProcessCreator::~ProcessCreator()
8393 [47557426658688] TRACE perfrun.launcher <> - PluginManagerProxy::doOperation thread was terminated.
8396 [47557426658688] TRACE perfrun.launcher <> - EXIT:  int main(int, char **)
