31 [47185200734912] TRACE perfrun.launcher <> - ENTER: int main(int, char **)
35 [47185200734912] TRACE perfrun.launcher <> - ENTER: Start the collection
35 [47185200734912] INFO perfrun.launcher <> - argc = 6; cmdline = /mnt/storage/software/languages/intel/intel-parallel_studio_xe_2018_u3/advisor_2018.3.0.558307/bin64/advixe-runss -dump-vdso -r /tmp/advixe-tmp-kp19251/advixe-res-17286-7254440929433073 --tmp-dir /tmp/advixe-tmp-kp19251 
35 [47185200734912] TRACE perfrun.launcher <> - ENTER: Initialize the launcher
38 [47185200734912] TRACE perfrun.launcher <> - ENTER: void runtool::CmdLineParser::declareOptions()
47 [47185200734912] TRACE perfrun.launcher <> - EXIT:  void runtool::CmdLineParser::declareOptions()
47 [47185200734912] TRACE perfrun.system <> - ENTER: static runtool::system::IController *runtool::system::IController::create()
47 [47185200734912] TRACE perfrun.system <> - ENTER: runtool::system::Controller::Controller()
48 [47185200734912] TRACE perfrun.system <> - EXIT:  runtool::system::Controller::Controller()
48 [47185200734912] TRACE perfrun.system <> - EXIT:  static runtool::system::IController *runtool::system::IController::create()
48 [47185200734912] INFO perfrun.launcher <> - plugin system has been added successfully
48 [47185200734912] INFO perfrun.launcher <> - plugin  has been added successfully
48 [47185200734912] INFO perfrun.launcher <> - plugin  has been added successfully
48 [47185200734912] INFO perfrun.launcher <> - plugin  has been added successfully
48 [47185200734912] INFO perfrun.launcher <> - plugin  has been added successfully
48 [47185200734912] INFO perfrun.launcher <> - plugin  has been added successfully
48 [47185200734912] INFO perfrun.launcher <> - plugin  has been added successfully
48 [47185200734912] INFO perfrun.launcher <> - plugin mrte has been added successfully
48 [47185200734912] INFO perfrun.launcher <> - plugin  has been added successfully
48 [47185200734912] INFO perfrun.launcher <> - plugin  has been added successfully
53 [47185200734912] INFO perfrun.launcher <> - plugin  has been added successfully
53 [47185200734912] INFO perfrun.launcher <> - plugin  has been added successfully
53 [47185200734912] INFO perfrun.launcher <> - plugin  has been added successfully
53 [47185200734912] TRACE perfrun.tpss <> - ENTER: static runtool::sdk::IController *runtool::tpss::IController::create()
53 [47185200734912] TRACE perfrun.tpss <> - ENTER: create tpss controller
53 [47185200734912] TRACE perfrun.tpss <> - EXIT:  create tpss controller
53 [47185200734912] TRACE perfrun.tpss <> - EXIT:  static runtool::sdk::IController *runtool::tpss::IController::create()
53 [47185200734912] INFO perfrun.launcher <> - plugin tpss has been added successfully
53 [47185200734912] INFO perfrun.launcher <> - plugin  has been added successfully
53 [47185200734912] INFO perfrun.launcher <> - plugin  has been added successfully
53 [47185200734912] INFO perfrun.launcher <> - plugin  has been added successfully
53 [47185200734912] INFO perfrun.launcher <> - plugin  has been added successfully
53 [47185200734912] INFO perfrun.launcher <> - plugin  has been added successfully
53 [47185200734912] INFO perfrun.launcher <> - plugin  has been added successfully
53 [47185200734912] INFO perfrun.launcher <> - the option was added --interval: Specify an interval of data collection (for example, sampling) in milliseconds.
54 [47185200734912] INFO perfrun.launcher <> - the option was added --follow-child: Profile process with or without children.
54 [47185200734912] INFO perfrun.launcher <> - the option was added --gelding: BADMSG: perfrun1.launcher.plugin_manager::gelding
54 [47185200734912] INFO perfrun.launcher <> - the option was added --time-source: Specify time source for measurement. Possible values: sys - wall clock time; tsc - time stamp counter; ext - time from an external source; auto - auto select accurate time source.
54 [47185200734912] INFO perfrun.launcher <> - the option was added --stack: Enable or disable collection of stacks.
57 [47185200734912] INFO perfrun.launcher <> - the option was added --stack-stitching: Enable or disable the stack stitching algorithm for Intel TBB-based applications.
57 [47185200734912] INFO perfrun.launcher <> - the option was added --type: Specify type of data to be collected. For example, --type cpu:counters,waiting:nostack,io.
57 [47185200734912] INFO perfrun.launcher <> - the option was added --mrte-mode: Specify Java/.NET/other managed runtime collection mode. Possible values: native - collect information only for native code; managed - collect information only for managed code; mixed - collect information for both managed and native code; auto - choose the mode based on binary type.
57 [47185200734912] INFO perfrun.launcher <> - the option was added --mrte-mode-list: List supported Java/.NET/other managed runtime collection modes.
57 [47185200734912] INFO perfrun.launcher <> - the option was added --mrte-type: Specify which managed runtimes to collect. Possible values: java - collect information for Java; dotnet - collect information for .NET; python - collect information for CPython. You can specify several values separated by comma.
57 [47185200734912] INFO perfrun.launcher <> - the option was added --mrte-type-list: List supported Java/.NET/other managed runtime types.
57 [47185200734912] INFO perfrun.launcher <> - the option was added --trace-strategy: Specify how to profile a process tree. <string> can be "<process>:trace:notrace" - profile the process but do not profile its children. Shorthand parameters: t - trace, nt - notrace. For example, "vtunedemo.exe:t:t".
57 [47185200734912] INFO perfrun.launcher <> - the option was added --collector: BADMSG: perfrun1.launcher.plugin_manager::collector
57 [47185200734912] INFO perfrun.launcher <> - the option was added --system-wide: Enable system-wide profiling. This mode may require additional permissions.
57 [47185200734912] INFO perfrun.launcher <> - the option was added --kvm-guest: Enable KVM guest OS profiling.
57 [47185200734912] INFO perfrun.launcher <> - the option was added --kvm-guest-kallsyms: Specify a local path to the /proc/kallsyms file copied from the guest OS for proper symbol resolution.
57 [47185200734912] INFO perfrun.launcher <> - the option was added --kvm-guest-modules: Specify a local path to the /proc/modules file copied from the guest OS for proper symbol resolution.
57 [47185200734912] INFO perfrun.launcher <> - the option was added --target-system: BADMSG: perfrun1.launcher.plugin_manager::target-system
58 [47185200734912] INFO perfrun.launcher <> - the option was added --dump-vdso: Dump [vdso] to result directory
58 [47185200734912] INFO perfrun.launcher <> - the option was added --bandwidth-limits: Measure bandwidth limits
58 [47185200734912] INFO perfrun.launcher <> - the option was added --bandwidth-strategy: Bandwidth limits determination specific properties (example: --bandwidth-strategy array-size=0,duration=500).
58 [47185200734912] INFO perfrun.launcher <> - the option was added --bandwidth-config: List of benchmarks to run.
58 [47185200734912] INFO perfrun.launcher <> - the option was added --benchmark-sync: Run synchronized bandwidth measurement.
58 [47185200734912] INFO perfrun.launcher <> - the option was added --system-collector-config: Specify subcollectors. Possible values: all, vdso, container, device-info, none.
58 [47185200734912] INFO perfrun.launcher <> - the option was added --stackwalk: Specify stack unwinding method. Possible values: online - unwind stacks during collection; offline - unwind stacks after collection is finished.
58 [47185200734912] INFO perfrun.launcher <> - the option was added --filter-include: Filter data during collection. Possible values: contended=<on|off> - filter out uncontended events; contended_nostack=<time> - filter out stacks for contended events that take less than <time> microseconds; wait=<time> - ignore transitions and blocks with wait time less than <time> microseconds; wait_nostack=<time> - filter out stacks for waits that take less than <time> microseconds.
58 [47185200734912] INFO perfrun.launcher <> - the option was added --debug-pin: Debug PIN tool and runtime.
58 [47185200734912] INFO perfrun.launcher <> - the option was added --debug-exception: Disallow the application to set own abnormal termination handler.
58 [47185200734912] INFO perfrun.launcher <> - the option was added --trace-type: Specify the trace file granularity. Possible values: per-thread - per-thread trace file generation; per-process - per-process trace file generation.
58 [47185200734912] INFO perfrun.launcher <> - the option was added --instrumentation-type: Specify type of instrumentation.
58 [47185200734912] INFO perfrun.launcher <> - the option was added --altstack: Enable or disable usage of altstacks for profiling signal handlers.
58 [47185200734912] INFO perfrun.launcher <> - the option was added --profiling-signal: Alternate profiling signal.
58 [47185200734912] INFO perfrun.launcher <> - the option was added --memory-strategy: Specify a minimal memory object size to be traced and a hash table size for faster objects search; for example: --memory-strategy obj-size-min=1024,hash-table-size=4096.
59 [47185200734912] TRACE perfrun.launcher <> - Update configuration: tmp directory = /tmp/advixe-tmp-kp19251
59 [47185200734912] TRACE perfrun.launcher <> - EXIT:  Initialize the launcher
60 [47185200734912] INFO perfrun.launcher <> - create msngr2::ICliToolContext
60 [47185200734912] TRACE perfrun.launcher <> - ENTER: void runtool::CmdLineParser::validateParseResult() const
60 [47185200734912] TRACE perfrun.launcher <> - EXIT:  void runtool::CmdLineParser::validateParseResult() const
60 [47185200734912] TRACE perfrun.launcher <> - ENTER: void runtool::CmdLineParser::populate(runtool::IConfiguration *) const
60 [47185200734912] WARN perfrun.launcher <> - action #14 cannot be translated to string and will be unknown, at file: vcs/perfrun1/launcher/src/configuration.cpp:96
60 [47185200734912] TRACE perfrun.launcher <> - Update configuration: action = unknown
60 [47185200734912] TRACE perfrun.launcher <> - Update configuration: collection type = system-wide
60 [47185200734912] TRACE perfrun.launcher <> - Update configuration: compression level = 2
60 [47185200734912] TRACE perfrun.launcher <> - Update configuration: duration = 0 sec
60 [47185200734912] TRACE perfrun.launcher <> - Update configuration: data limit = 0 bytes
60 [47185200734912] TRACE perfrun.launcher <> - Update configuration: disc space limit = 0 bytes
60 [47185200734912] TRACE perfrun.launcher <> - Update configuration: return-app-exitcode = false
60 [47185200734912] TRACE perfrun.launcher <> - Update configuration: tmp directory = /tmp/advixe-tmp-kp19251
60 [47185200734912] TRACE perfrun.launcher <> - Update configuration: result directory = /tmp/advixe-tmp-kp19251/advixe-res-17286-7254440929433073
60 [47185200734912] TRACE perfrun.launcher <> - [IN] option = follow-child; value = true !bool
60 [47185200734912] TRACE perfrun.launcher <> - [IN] option = gelding; value = false !bool
60 [47185200734912] TRACE perfrun.launcher <> - [IN] option = time-source; value = auto !ustring
60 [47185200734912] TRACE perfrun.launcher <> - [IN] option = stack; value = true !bool
60 [47185200734912] TRACE perfrun.launcher <> - [IN] option = stack-stitching; value = false !bool
60 [47185200734912] TRACE perfrun.launcher <> - [IN] option = mrte-mode; value = native !ustring
60 [47185200734912] TRACE perfrun.launcher <> - [IN] option = collector; value = sep !ustring
60 [47185200734912] TRACE perfrun.launcher <> - [IN] option = system-wide; value = false !bool
60 [47185200734912] TRACE perfrun.launcher <> - [IN] option = kvm-guest; value = false !bool
60 [47185200734912] TRACE perfrun.launcher <> - [IN] option = dump-vdso; value = null
60 [47185200734912] TRACE perfrun.launcher <> - [IN] option = bandwidth-limits; value = false !bool
60 [47185200734912] TRACE perfrun.launcher <> - [IN] option = benchmark-sync; value = false !bool
60 [47185200734912] TRACE perfrun.launcher <> - [IN] option = system-collector-config; value = all !ustring
60 [47185200734912] TRACE perfrun.launcher <> - [IN] option = trace-type; value = per-thread !ustring
60 [47185200734912] TRACE perfrun.launcher <> - [IN] option = instrumentation-type; value = pin !ustring
60 [47185200734912] TRACE perfrun.launcher <> - [IN] option = altstack; value = true !bool
60 [47185200734912] TRACE perfrun.launcher <> - EXIT:  void runtool::CmdLineParser::populate(runtool::IConfiguration *) const
60 [47185317242624] TRACE perfrun.tpss <> - ENTER: void runtool::tpss::Controller::setMessageChannel(runtool::sdk::IMessageChannel *)
61 [47185317242624] TRACE perfrun.tpss <> - EXIT:  void runtool::tpss::Controller::setMessageChannel(runtool::sdk::IMessageChannel *)
61 [47185200734912] INFO perfrun.launcher <> - create file finder object
61 [47185317242624] TRACE perfrun.tpss <> - ENTER: void runtool::tpss::Controller::setRequestHandler(runtool::sdk::IRequestHandler *)
61 [47185317242624] TRACE perfrun.tpss <> - EXIT:  void runtool::tpss::Controller::setRequestHandler(runtool::sdk::IRequestHandler *)
61 [47185200734912] TRACE perfrun.launcher <> - Handle the user request: action = 14
61 [47185200734912] TRACE perfrun.launcher <> - Do external action
61 [47185317242624] TRACE perfrun.launcher <> - Update configuration: follow child = 1
67 [47185317242624] TRACE perfrun.launcher <> - Update configuration: time source = 0
67 [47185317242624] TRACE perfrun.launcher <> - Update configuration: stack = 1
67 [47185317242624] TRACE perfrun.launcher <> - Update configuration: gelding = 0
67 [47185317242624] TRACE perfrun.launcher <> - Update configuration: stack stitching = 0
67 [47185317242624] INFO perfrun.system <> - dumping [vdso] pseudomodule
69 [47185317242624] INFO perfrun.launcher <> - plugin [] was disabled because it doesn't support the given collection type.
69 [47185317242624] INFO perfrun.launcher <> - plugin [] was disabled because it doesn't support the given collection type.
69 [47185317242624] INFO perfrun.launcher <> - plugin [] was disabled because it doesn't support the given collection type.
69 [47185317242624] INFO perfrun.launcher <> - plugin [] was disabled because it doesn't support the given collection type.
69 [47185317242624] INFO perfrun.launcher <> - plugin [] was disabled because it doesn't support the given collection type.
69 [47185317242624] INFO perfrun.launcher <> - plugin [] was disabled because it doesn't support the given collection type.
69 [47185317242624] INFO perfrun.launcher <> - plugin [mrte] was disabled because it doesn't support the given collection type.
69 [47185317242624] INFO perfrun.launcher <> - plugin [] was disabled because it doesn't support the given collection type.
69 [47185317242624] INFO perfrun.launcher <> - plugin [] was disabled because it doesn't support the given collection type.
69 [47185317242624] INFO perfrun.launcher <> - plugin [] was disabled because it doesn't support the given collection type.
69 [47185317242624] INFO perfrun.launcher <> - plugin [] was disabled because it doesn't support the given collection type.
69 [47185317242624] INFO perfrun.launcher <> - plugin [] was disabled because it doesn't support the given collection type.
69 [47185317242624] INFO perfrun.launcher <> - plugin [tpss] was disabled because it doesn't support the given collection type.
69 [47185317242624] INFO perfrun.launcher <> - plugin [] was disabled because it doesn't support the given collection type.
69 [47185317242624] INFO perfrun.launcher <> - plugin [] was disabled because it doesn't support the given collection type.
69 [47185317242624] INFO perfrun.launcher <> - plugin [] was disabled because it doesn't support the given collection type.
69 [47185317242624] INFO perfrun.launcher <> - plugin [] was disabled because it doesn't support the given collection type.
69 [47185317242624] INFO perfrun.launcher <> - plugin [] was disabled because it doesn't support the given collection type.
69 [47185317242624] INFO perfrun.launcher <> - plugin [] was disabled because it doesn't support the given collection type.
70 [47185200734912] INFO perfrun.launcher <> - Application exit code: 0
70 [47185200734912] INFO perfrun.launcher <> - Exit code: 0
70 [47185200734912] TRACE perfrun.launcher <> - EXIT:  Start the collection
70 [47185200734912] TRACE perfrun.launcher <> - ENTER: Destroy the launcher...
70 [47185200734912] TRACE perfrun.launcher <> - EXIT:  Destroy the launcher...
70 [47185200734912] TRACE perfrun.launcher <> - PluginManagerProxy::doOperation thread was terminated.
70 [47185200734912] TRACE perfrun.launcher <> - EXIT:  int main(int, char **)
